{"/home/user/FGD/middleware/auth.js": {"path":"/home/user/FGD/middleware/auth.js","statementMap":{"0":{"start":{"line":9,"column":19},"end":{"line":9,"column":83}},"1":{"start":{"line":10,"column":23},"end":{"line":10,"column":58}},"2":{"start":{"line":13,"column":20},"end":{"line":13,"column":22}},"3":{"start":{"line":16,"column":21},"end":{"line":20,"column":1}},"4":{"start":{"line":28,"column":17},"end":{"line":28,"column":19}},"5":{"start":{"line":30,"column":2},"end":{"line":32,"column":3}},"6":{"start":{"line":31,"column":4},"end":{"line":31,"column":63}},"7":{"start":{"line":34,"column":2},"end":{"line":36,"column":3}},"8":{"start":{"line":35,"column":4},"end":{"line":35,"column":71}},"9":{"start":{"line":38,"column":2},"end":{"line":40,"column":3}},"10":{"start":{"line":39,"column":4},"end":{"line":39,"column":71}},"11":{"start":{"line":42,"column":2},"end":{"line":44,"column":3}},"12":{"start":{"line":43,"column":4},"end":{"line":43,"column":61}},"13":{"start":{"line":46,"column":2},"end":{"line":49,"column":4}},"14":{"start":{"line":54,"column":22},"end":{"line":54,"column":47}},"15":{"start":{"line":55,"column":20},"end":{"line":55,"column":43}},"16":{"start":{"line":58,"column":0},"end":{"line":62,"column":1}},"17":{"start":{"line":59,"column":2},"end":{"line":61,"column":4}},"18":{"start":{"line":63,"column":0},"end":{"line":67,"column":1}},"19":{"start":{"line":64,"column":2},"end":{"line":66,"column":4}},"20":{"start":{"line":71,"column":14},"end":{"line":86,"column":1}},"21":{"start":{"line":89,"column":20},"end":{"line":93,"column":1}},"22":{"start":{"line":101,"column":18},"end":{"line":105,"column":3}},"23":{"start":{"line":107,"column":2},"end":{"line":107,"column":70}},"24":{"start":{"line":116,"column":2},"end":{"line":120,"column":3}},"25":{"start":{"line":117,"column":4},"end":{"line":117,"column":41}},"26":{"start":{"line":119,"column":4},"end":{"line":119,"column":16}},"27":{"start":{"line":129,"column":15},"end":{"line":129,"column":68}},"28":{"start":{"line":129,"column":48},"end":{"line":129,"column":67}},"29":{"start":{"line":130,"column":2},"end":{"line":130,"column":22}},"30":{"start":{"line":140,"column":26},"end":{"line":140,"column":49}},"31":{"start":{"line":141,"column":2},"end":{"line":141,"column":46}},"32":{"start":{"line":148,"column":21},"end":{"line":148,"column":46}},"33":{"start":{"line":150,"column":2},"end":{"line":155,"column":3}},"34":{"start":{"line":151,"column":4},"end":{"line":154,"column":7}},"35":{"start":{"line":157,"column":16},"end":{"line":157,"column":37}},"36":{"start":{"line":159,"column":2},"end":{"line":164,"column":3}},"37":{"start":{"line":160,"column":4},"end":{"line":163,"column":7}},"38":{"start":{"line":166,"column":16},"end":{"line":166,"column":24}},"39":{"start":{"line":167,"column":18},"end":{"line":167,"column":36}},"40":{"start":{"line":169,"column":2},"end":{"line":174,"column":3}},"41":{"start":{"line":170,"column":4},"end":{"line":173,"column":7}},"42":{"start":{"line":176,"column":2},"end":{"line":176,"column":21}},"43":{"start":{"line":177,"column":2},"end":{"line":177,"column":9}},"44":{"start":{"line":184,"column":17},"end":{"line":184,"column":41}},"45":{"start":{"line":186,"column":2},"end":{"line":191,"column":3}},"46":{"start":{"line":187,"column":4},"end":{"line":190,"column":7}},"47":{"start":{"line":193,"column":15},"end":{"line":193,"column":35}},"48":{"start":{"line":195,"column":2},"end":{"line":200,"column":3}},"49":{"start":{"line":196,"column":4},"end":{"line":199,"column":7}},"50":{"start":{"line":202,"column":2},"end":{"line":206,"column":4}},"51":{"start":{"line":208,"column":2},"end":{"line":208,"column":9}},"52":{"start":{"line":215,"column":21},"end":{"line":215,"column":46}},"53":{"start":{"line":216,"column":17},"end":{"line":216,"column":41}},"54":{"start":{"line":218,"column":2},"end":{"line":220,"column":3}},"55":{"start":{"line":219,"column":4},"end":{"line":219,"column":46}},"56":{"start":{"line":222,"column":2},"end":{"line":224,"column":3}},"57":{"start":{"line":223,"column":4},"end":{"line":223,"column":43}},"58":{"start":{"line":226,"column":2},"end":{"line":229,"column":5}},"59":{"start":{"line":237,"column":2},"end":{"line":258,"column":4}},"60":{"start":{"line":238,"column":4},"end":{"line":243,"column":5}},"61":{"start":{"line":239,"column":6},"end":{"line":242,"column":9}},"62":{"start":{"line":245,"column":21},"end":{"line":245,"column":34}},"63":{"start":{"line":246,"column":30},"end":{"line":248,"column":5}},"64":{"start":{"line":247,"column":6},"end":{"line":247,"column":41}},"65":{"start":{"line":250,"column":4},"end":{"line":255,"column":5}},"66":{"start":{"line":251,"column":6},"end":{"line":254,"column":9}},"67":{"start":{"line":257,"column":4},"end":{"line":257,"column":11}},"68":{"start":{"line":267,"column":2},"end":{"line":267,"column":31}},"69":{"start":{"line":276,"column":16},"end":{"line":276,"column":43}},"70":{"start":{"line":277,"column":17},"end":{"line":277,"column":45}},"71":{"start":{"line":279,"column":13},"end":{"line":279,"column":17}},"72":{"start":{"line":281,"column":2},"end":{"line":295,"column":3}},"73":{"start":{"line":282,"column":20},"end":{"line":282,"column":38}},"74":{"start":{"line":283,"column":4},"end":{"line":285,"column":5}},"75":{"start":{"line":284,"column":6},"end":{"line":284,"column":21}},"76":{"start":{"line":286,"column":9},"end":{"line":295,"column":3}},"77":{"start":{"line":287,"column":21},"end":{"line":287,"column":41}},"78":{"start":{"line":288,"column":4},"end":{"line":294,"column":5}},"79":{"start":{"line":289,"column":6},"end":{"line":293,"column":8}},"80":{"start":{"line":297,"column":2},"end":{"line":299,"column":3}},"81":{"start":{"line":298,"column":4},"end":{"line":298,"column":52}},"82":{"start":{"line":301,"column":2},"end":{"line":301,"column":21}},"83":{"start":{"line":302,"column":2},"end":{"line":302,"column":9}},"84":{"start":{"line":309,"column":41},"end":{"line":309,"column":49}},"85":{"start":{"line":311,"column":13},"end":{"line":311,"column":17}},"86":{"start":{"line":313,"column":2},"end":{"line":334,"column":3}},"87":{"start":{"line":314,"column":4},"end":{"line":314,"column":32}},"88":{"start":{"line":315,"column":9},"end":{"line":334,"column":3}},"89":{"start":{"line":317,"column":23},"end":{"line":317,"column":49}},"90":{"start":{"line":318,"column":4},"end":{"line":324,"column":5}},"91":{"start":{"line":319,"column":6},"end":{"line":323,"column":9}},"92":{"start":{"line":327,"column":22},"end":{"line":327,"column":37}},"93":{"start":{"line":328,"column":4},"end":{"line":333,"column":5}},"94":{"start":{"line":329,"column":22},"end":{"line":329,"column":76}},"95":{"start":{"line":330,"column":6},"end":{"line":332,"column":7}},"96":{"start":{"line":331,"column":8},"end":{"line":331,"column":25}},"97":{"start":{"line":336,"column":2},"end":{"line":341,"column":3}},"98":{"start":{"line":337,"column":4},"end":{"line":340,"column":7}},"99":{"start":{"line":343,"column":16},"end":{"line":343,"column":35}},"100":{"start":{"line":345,"column":2},"end":{"line":353,"column":5}},"101":{"start":{"line":360,"column":2},"end":{"line":363,"column":5}}},"fnMap":{"0":{"name":"validatePassword","decl":{"start":{"line":27,"column":16},"end":{"line":27,"column":32}},"loc":{"start":{"line":27,"column":43},"end":{"line":50,"column":1}},"line":27},"1":{"name":"generateToken","decl":{"start":{"line":100,"column":16},"end":{"line":100,"column":29}},"loc":{"start":{"line":100,"column":36},"end":{"line":108,"column":1}},"line":100},"2":{"name":"verifyToken","decl":{"start":{"line":115,"column":16},"end":{"line":115,"column":27}},"loc":{"start":{"line":115,"column":35},"end":{"line":121,"column":1}},"line":115},"3":{"name":"verifyApiKey","decl":{"start":{"line":128,"column":16},"end":{"line":128,"column":28}},"loc":{"start":{"line":128,"column":37},"end":{"line":131,"column":1}},"line":128},"4":{"name":"(anonymous_4)","decl":{"start":{"line":129,"column":41},"end":{"line":129,"column":42}},"loc":{"start":{"line":129,"column":48},"end":{"line":129,"column":67}},"line":129},"5":{"name":"hasPermission","decl":{"start":{"line":139,"column":16},"end":{"line":139,"column":29}},"loc":{"start":{"line":139,"column":48},"end":{"line":142,"column":1}},"line":139},"6":{"name":"authenticateJWT","decl":{"start":{"line":147,"column":16},"end":{"line":147,"column":31}},"loc":{"start":{"line":147,"column":48},"end":{"line":178,"column":1}},"line":147},"7":{"name":"authenticateApiKey","decl":{"start":{"line":183,"column":16},"end":{"line":183,"column":34}},"loc":{"start":{"line":183,"column":51},"end":{"line":209,"column":1}},"line":183},"8":{"name":"authenticate","decl":{"start":{"line":214,"column":16},"end":{"line":214,"column":28}},"loc":{"start":{"line":214,"column":45},"end":{"line":230,"column":1}},"line":214},"9":{"name":"authorize","decl":{"start":{"line":236,"column":16},"end":{"line":236,"column":25}},"loc":{"start":{"line":236,"column":50},"end":{"line":259,"column":1}},"line":236},"10":{"name":"(anonymous_10)","decl":{"start":{"line":237,"column":9},"end":{"line":237,"column":10}},"loc":{"start":{"line":237,"column":29},"end":{"line":258,"column":3}},"line":237},"11":{"name":"(anonymous_11)","decl":{"start":{"line":246,"column":56},"end":{"line":246,"column":57}},"loc":{"start":{"line":247,"column":6},"end":{"line":247,"column":41}},"line":247},"12":{"name":"requirePermission","decl":{"start":{"line":266,"column":16},"end":{"line":266,"column":33}},"loc":{"start":{"line":266,"column":46},"end":{"line":268,"column":1}},"line":266},"13":{"name":"authenticateSocket","decl":{"start":{"line":275,"column":16},"end":{"line":275,"column":34}},"loc":{"start":{"line":275,"column":49},"end":{"line":303,"column":1}},"line":275},"14":{"name":"handleLogin","decl":{"start":{"line":308,"column":22},"end":{"line":308,"column":33}},"loc":{"start":{"line":308,"column":44},"end":{"line":354,"column":1}},"line":308},"15":{"name":"getCurrentUser","decl":{"start":{"line":359,"column":16},"end":{"line":359,"column":30}},"loc":{"start":{"line":359,"column":41},"end":{"line":364,"column":1}},"line":359}},"branchMap":{"0":{"loc":{"start":{"line":9,"column":19},"end":{"line":9,"column":83}},"type":"binary-expr","locations":[{"start":{"line":9,"column":19},"end":{"line":9,"column":41}},{"start":{"line":9,"column":45},"end":{"line":9,"column":83}}],"line":9},"1":{"loc":{"start":{"line":10,"column":23},"end":{"line":10,"column":58}},"type":"binary-expr","locations":[{"start":{"line":10,"column":23},"end":{"line":10,"column":49}},{"start":{"line":10,"column":53},"end":{"line":10,"column":58}}],"line":10},"2":{"loc":{"start":{"line":30,"column":2},"end":{"line":32,"column":3}},"type":"if","locations":[{"start":{"line":30,"column":2},"end":{"line":32,"column":3}},{"start":{},"end":{}}],"line":30},"3":{"loc":{"start":{"line":30,"column":6},"end":{"line":30,"column":38}},"type":"binary-expr","locations":[{"start":{"line":30,"column":6},"end":{"line":30,"column":15}},{"start":{"line":30,"column":19},"end":{"line":30,"column":38}}],"line":30},"4":{"loc":{"start":{"line":34,"column":2},"end":{"line":36,"column":3}},"type":"if","locations":[{"start":{"line":34,"column":2},"end":{"line":36,"column":3}},{"start":{},"end":{}}],"line":34},"5":{"loc":{"start":{"line":38,"column":2},"end":{"line":40,"column":3}},"type":"if","locations":[{"start":{"line":38,"column":2},"end":{"line":40,"column":3}},{"start":{},"end":{}}],"line":38},"6":{"loc":{"start":{"line":42,"column":2},"end":{"line":44,"column":3}},"type":"if","locations":[{"start":{"line":42,"column":2},"end":{"line":44,"column":3}},{"start":{},"end":{}}],"line":42},"7":{"loc":{"start":{"line":58,"column":0},"end":{"line":62,"column":1}},"type":"if","locations":[{"start":{"line":58,"column":0},"end":{"line":62,"column":1}},{"start":{},"end":{}}],"line":58},"8":{"loc":{"start":{"line":58,"column":4},"end":{"line":58,"column":49}},"type":"binary-expr","locations":[{"start":{"line":58,"column":4},"end":{"line":58,"column":18}},{"start":{"line":58,"column":22},"end":{"line":58,"column":49}}],"line":58},"9":{"loc":{"start":{"line":63,"column":0},"end":{"line":67,"column":1}},"type":"if","locations":[{"start":{"line":63,"column":0},"end":{"line":67,"column":1}},{"start":{},"end":{}}],"line":63},"10":{"loc":{"start":{"line":63,"column":4},"end":{"line":63,"column":45}},"type":"binary-expr","locations":[{"start":{"line":63,"column":4},"end":{"line":63,"column":16}},{"start":{"line":63,"column":20},"end":{"line":63,"column":45}}],"line":63},"11":{"loc":{"start":{"line":75,"column":34},"end":{"line":75,"column":78}},"type":"binary-expr","locations":[{"start":{"line":75,"column":34},"end":{"line":75,"column":60}},{"start":{"line":75,"column":64},"end":{"line":75,"column":78}}],"line":75},"12":{"loc":{"start":{"line":130,"column":9},"end":{"line":130,"column":21}},"type":"binary-expr","locations":[{"start":{"line":130,"column":9},"end":{"line":130,"column":13}},{"start":{"line":130,"column":17},"end":{"line":130,"column":21}}],"line":130},"13":{"loc":{"start":{"line":140,"column":26},"end":{"line":140,"column":49}},"type":"binary-expr","locations":[{"start":{"line":140,"column":26},"end":{"line":140,"column":43}},{"start":{"line":140,"column":47},"end":{"line":140,"column":49}}],"line":140},"14":{"loc":{"start":{"line":150,"column":2},"end":{"line":155,"column":3}},"type":"if","locations":[{"start":{"line":150,"column":2},"end":{"line":155,"column":3}},{"start":{},"end":{}}],"line":150},"15":{"loc":{"start":{"line":159,"column":2},"end":{"line":164,"column":3}},"type":"if","locations":[{"start":{"line":159,"column":2},"end":{"line":164,"column":3}},{"start":{},"end":{}}],"line":159},"16":{"loc":{"start":{"line":159,"column":6},"end":{"line":159,"column":49}},"type":"binary-expr","locations":[{"start":{"line":159,"column":6},"end":{"line":159,"column":24}},{"start":{"line":159,"column":28},"end":{"line":159,"column":49}}],"line":159},"17":{"loc":{"start":{"line":169,"column":2},"end":{"line":174,"column":3}},"type":"if","locations":[{"start":{"line":169,"column":2},"end":{"line":174,"column":3}},{"start":{},"end":{}}],"line":169},"18":{"loc":{"start":{"line":186,"column":2},"end":{"line":191,"column":3}},"type":"if","locations":[{"start":{"line":186,"column":2},"end":{"line":191,"column":3}},{"start":{},"end":{}}],"line":186},"19":{"loc":{"start":{"line":195,"column":2},"end":{"line":200,"column":3}},"type":"if","locations":[{"start":{"line":195,"column":2},"end":{"line":200,"column":3}},{"start":{},"end":{}}],"line":195},"20":{"loc":{"start":{"line":218,"column":2},"end":{"line":220,"column":3}},"type":"if","locations":[{"start":{"line":218,"column":2},"end":{"line":220,"column":3}},{"start":{},"end":{}}],"line":218},"21":{"loc":{"start":{"line":222,"column":2},"end":{"line":224,"column":3}},"type":"if","locations":[{"start":{"line":222,"column":2},"end":{"line":224,"column":3}},{"start":{},"end":{}}],"line":222},"22":{"loc":{"start":{"line":238,"column":4},"end":{"line":243,"column":5}},"type":"if","locations":[{"start":{"line":238,"column":4},"end":{"line":243,"column":5}},{"start":{},"end":{}}],"line":238},"23":{"loc":{"start":{"line":250,"column":4},"end":{"line":255,"column":5}},"type":"if","locations":[{"start":{"line":250,"column":4},"end":{"line":255,"column":5}},{"start":{},"end":{}}],"line":250},"24":{"loc":{"start":{"line":281,"column":2},"end":{"line":295,"column":3}},"type":"if","locations":[{"start":{"line":281,"column":2},"end":{"line":295,"column":3}},{"start":{"line":286,"column":9},"end":{"line":295,"column":3}}],"line":281},"25":{"loc":{"start":{"line":283,"column":4},"end":{"line":285,"column":5}},"type":"if","locations":[{"start":{"line":283,"column":4},"end":{"line":285,"column":5}},{"start":{},"end":{}}],"line":283},"26":{"loc":{"start":{"line":286,"column":9},"end":{"line":295,"column":3}},"type":"if","locations":[{"start":{"line":286,"column":9},"end":{"line":295,"column":3}},{"start":{},"end":{}}],"line":286},"27":{"loc":{"start":{"line":288,"column":4},"end":{"line":294,"column":5}},"type":"if","locations":[{"start":{"line":288,"column":4},"end":{"line":294,"column":5}},{"start":{},"end":{}}],"line":288},"28":{"loc":{"start":{"line":297,"column":2},"end":{"line":299,"column":3}},"type":"if","locations":[{"start":{"line":297,"column":2},"end":{"line":299,"column":3}},{"start":{},"end":{}}],"line":297},"29":{"loc":{"start":{"line":313,"column":2},"end":{"line":334,"column":3}},"type":"if","locations":[{"start":{"line":313,"column":2},"end":{"line":334,"column":3}},{"start":{"line":315,"column":9},"end":{"line":334,"column":3}}],"line":313},"30":{"loc":{"start":{"line":315,"column":9},"end":{"line":334,"column":3}},"type":"if","locations":[{"start":{"line":315,"column":9},"end":{"line":334,"column":3}},{"start":{},"end":{}}],"line":315},"31":{"loc":{"start":{"line":315,"column":13},"end":{"line":315,"column":33}},"type":"binary-expr","locations":[{"start":{"line":315,"column":13},"end":{"line":315,"column":21}},{"start":{"line":315,"column":25},"end":{"line":315,"column":33}}],"line":315},"32":{"loc":{"start":{"line":318,"column":4},"end":{"line":324,"column":5}},"type":"if","locations":[{"start":{"line":318,"column":4},"end":{"line":324,"column":5}},{"start":{},"end":{}}],"line":318},"33":{"loc":{"start":{"line":328,"column":4},"end":{"line":333,"column":5}},"type":"if","locations":[{"start":{"line":328,"column":4},"end":{"line":333,"column":5}},{"start":{},"end":{}}],"line":328},"34":{"loc":{"start":{"line":328,"column":8},"end":{"line":328,"column":43}},"type":"binary-expr","locations":[{"start":{"line":328,"column":8},"end":{"line":328,"column":17}},{"start":{"line":328,"column":21},"end":{"line":328,"column":43}}],"line":328},"35":{"loc":{"start":{"line":330,"column":6},"end":{"line":332,"column":7}},"type":"if","locations":[{"start":{"line":330,"column":6},"end":{"line":332,"column":7}},{"start":{},"end":{}}],"line":330},"36":{"loc":{"start":{"line":336,"column":2},"end":{"line":341,"column":3}},"type":"if","locations":[{"start":{"line":336,"column":2},"end":{"line":341,"column":3}},{"start":{},"end":{}}],"line":336}},"s":{"0":0,"1":0,"2":0,"3":0,"4":0,"5":0,"6":0,"7":0,"8":0,"9":0,"10":0,"11":0,"12":0,"13":0,"14":0,"15":0,"16":0,"17":0,"18":0,"19":0,"20":0,"21":0,"22":0,"23":0,"24":0,"25":0,"26":0,"27":0,"28":0,"29":0,"30":0,"31":0,"32":0,"33":0,"34":0,"35":0,"36":0,"37":0,"38":0,"39":0,"40":0,"41":0,"42":0,"43":0,"44":0,"45":0,"46":0,"47":0,"48":0,"49":0,"50":0,"51":0,"52":0,"53":0,"54":0,"55":0,"56":0,"57":0,"58":0,"59":0,"60":0,"61":0,"62":0,"63":0,"64":0,"65":0,"66":0,"67":0,"68":0,"69":0,"70":0,"71":0,"72":0,"73":0,"74":0,"75":0,"76":0,"77":0,"78":0,"79":0,"80":0,"81":0,"82":0,"83":0,"84":0,"85":0,"86":0,"87":0,"88":0,"89":0,"90":0,"91":0,"92":0,"93":0,"94":0,"95":0,"96":0,"97":0,"98":0,"99":0,"100":0,"101":0},"f":{"0":0,"1":0,"2":0,"3":0,"4":0,"5":0,"6":0,"7":0,"8":0,"9":0,"10":0,"11":0,"12":0,"13":0,"14":0,"15":0},"b":{"0":[0,0],"1":[0,0],"2":[0,0],"3":[0,0],"4":[0,0],"5":[0,0],"6":[0,0],"7":[0,0],"8":[0,0],"9":[0,0],"10":[0,0],"11":[0,0],"12":[0,0],"13":[0,0],"14":[0,0],"15":[0,0],"16":[0,0],"17":[0,0],"18":[0,0],"19":[0,0],"20":[0,0],"21":[0,0],"22":[0,0],"23":[0,0],"24":[0,0],"25":[0,0],"26":[0,0],"27":[0,0],"28":[0,0],"29":[0,0],"30":[0,0],"31":[0,0],"32":[0,0],"33":[0,0],"34":[0,0],"35":[0,0],"36":[0,0]},"inputSourceMap":null}
,"/home/user/FGD/routes/bot.js": {"path":"/home/user/FGD/routes/bot.js","statementMap":{"0":{"start":{"line":14,"column":2},"end":{"line":14,"column":37}},"1":{"start":{"line":14,"column":28},"end":{"line":14,"column":37}},"2":{"start":{"line":15,"column":18},"end":{"line":15,"column":45}},"3":{"start":{"line":16,"column":2},"end":{"line":16,"column":65}},"4":{"start":{"line":16,"column":33},"end":{"line":16,"column":56}},"5":{"start":{"line":26,"column":23},"end":{"line":26,"column":50}},"6":{"start":{"line":27,"column":2},"end":{"line":37,"column":3}},"7":{"start":{"line":28,"column":4},"end":{"line":36,"column":6}},"8":{"start":{"line":38,"column":2},"end":{"line":38,"column":14}},"9":{"start":{"line":47,"column":17},"end":{"line":47,"column":33}},"10":{"start":{"line":48,"column":20},"end":{"line":48,"column":40}},"11":{"start":{"line":49,"column":2},"end":{"line":51,"column":3}},"12":{"start":{"line":50,"column":4},"end":{"line":50,"column":46}},"13":{"start":{"line":53,"column":21},"end":{"line":53,"column":50}},"14":{"start":{"line":55,"column":2},"end":{"line":61,"column":3}},"15":{"start":{"line":56,"column":4},"end":{"line":56,"column":68}},"16":{"start":{"line":56,"column":40},"end":{"line":56,"column":66}},"17":{"start":{"line":57,"column":4},"end":{"line":57,"column":70}},"18":{"start":{"line":57,"column":41},"end":{"line":57,"column":68}},"19":{"start":{"line":58,"column":4},"end":{"line":58,"column":85}},"20":{"start":{"line":58,"column":49},"end":{"line":58,"column":83}},"21":{"start":{"line":59,"column":4},"end":{"line":59,"column":66}},"22":{"start":{"line":59,"column":39},"end":{"line":59,"column":64}},"23":{"start":{"line":60,"column":4},"end":{"line":60,"column":68}},"24":{"start":{"line":60,"column":40},"end":{"line":60,"column":66}},"25":{"start":{"line":71,"column":2},"end":{"line":77,"column":5}},"26":{"start":{"line":72,"column":4},"end":{"line":76,"column":7}},"27":{"start":{"line":87,"column":2},"end":{"line":143,"column":5}},"28":{"start":{"line":88,"column":4},"end":{"line":142,"column":5}},"29":{"start":{"line":89,"column":37},"end":{"line":89,"column":46}},"30":{"start":{"line":91,"column":17},"end":{"line":91,"column":44}},"31":{"start":{"line":92,"column":25},"end":{"line":92,"column":78}},"32":{"start":{"line":95,"column":6},"end":{"line":97,"column":7}},"33":{"start":{"line":96,"column":8},"end":{"line":96,"column":63}},"34":{"start":{"line":96,"column":36},"end":{"line":96,"column":61}},"35":{"start":{"line":100,"column":6},"end":{"line":102,"column":7}},"36":{"start":{"line":101,"column":8},"end":{"line":101,"column":59}},"37":{"start":{"line":101,"column":36},"end":{"line":101,"column":57}},"38":{"start":{"line":103,"column":6},"end":{"line":105,"column":7}},"39":{"start":{"line":104,"column":8},"end":{"line":104,"column":55}},"40":{"start":{"line":104,"column":36},"end":{"line":104,"column":53}},"41":{"start":{"line":106,"column":6},"end":{"line":108,"column":7}},"42":{"start":{"line":107,"column":8},"end":{"line":107,"column":58}},"43":{"start":{"line":107,"column":36},"end":{"line":107,"column":56}},"44":{"start":{"line":110,"column":6},"end":{"line":135,"column":9}},"45":{"start":{"line":114,"column":26},"end":{"line":114,"column":66}},"46":{"start":{"line":115,"column":10},"end":{"line":133,"column":12}},"47":{"start":{"line":137,"column":6},"end":{"line":137,"column":50}},"48":{"start":{"line":138,"column":6},"end":{"line":141,"column":9}},"49":{"start":{"line":149,"column":2},"end":{"line":214,"column":5}},"50":{"start":{"line":150,"column":4},"end":{"line":213,"column":5}},"51":{"start":{"line":151,"column":21},"end":{"line":151,"column":31}},"52":{"start":{"line":152,"column":18},"end":{"line":152,"column":44}},"53":{"start":{"line":154,"column":6},"end":{"line":159,"column":7}},"54":{"start":{"line":155,"column":8},"end":{"line":158,"column":11}},"55":{"start":{"line":162,"column":21},"end":{"line":162,"column":25}},"56":{"start":{"line":163,"column":6},"end":{"line":181,"column":7}},"57":{"start":{"line":164,"column":32},"end":{"line":164,"column":71}},"58":{"start":{"line":165,"column":8},"end":{"line":180,"column":9}},"59":{"start":{"line":166,"column":10},"end":{"line":179,"column":12}},"60":{"start":{"line":184,"column":8},"end":{"line":184,"column":86}},"61":{"start":{"line":186,"column":26},"end":{"line":196,"column":14}},"62":{"start":{"line":198,"column":6},"end":{"line":206,"column":9}},"63":{"start":{"line":208,"column":6},"end":{"line":208,"column":66}},"64":{"start":{"line":209,"column":6},"end":{"line":212,"column":9}},"65":{"start":{"line":220,"column":2},"end":{"line":325,"column":5}},"66":{"start":{"line":221,"column":4},"end":{"line":324,"column":5}},"67":{"start":{"line":233,"column":10},"end":{"line":233,"column":18}},"68":{"start":{"line":235,"column":30},"end":{"line":235,"column":49}},"69":{"start":{"line":237,"column":6},"end":{"line":245,"column":7}},"70":{"start":{"line":238,"column":22},"end":{"line":238,"column":30}},"71":{"start":{"line":239,"column":8},"end":{"line":244,"column":9}},"72":{"start":{"line":240,"column":10},"end":{"line":243,"column":13}},"73":{"start":{"line":249,"column":25},"end":{"line":249,"column":54}},"74":{"start":{"line":250,"column":6},"end":{"line":252,"column":7}},"75":{"start":{"line":251,"column":8},"end":{"line":251,"column":48}},"76":{"start":{"line":254,"column":6},"end":{"line":259,"column":7}},"77":{"start":{"line":255,"column":8},"end":{"line":258,"column":11}},"78":{"start":{"line":261,"column":22},"end":{"line":261,"column":34}},"79":{"start":{"line":262,"column":22},"end":{"line":262,"column":34}},"80":{"start":{"line":265,"column":18},"end":{"line":280,"column":8}},"81":{"start":{"line":282,"column":28},"end":{"line":282,"column":58}},"82":{"start":{"line":283,"column":22},"end":{"line":283,"column":79}},"83":{"start":{"line":286,"column":6},"end":{"line":297,"column":7}},"84":{"start":{"line":287,"column":8},"end":{"line":296,"column":11}},"85":{"start":{"line":299,"column":6},"end":{"line":299,"column":88}},"86":{"start":{"line":301,"column":6},"end":{"line":317,"column":9}},"87":{"start":{"line":319,"column":6},"end":{"line":319,"column":50}},"88":{"start":{"line":320,"column":6},"end":{"line":323,"column":9}},"89":{"start":{"line":331,"column":2},"end":{"line":385,"column":5}},"90":{"start":{"line":332,"column":4},"end":{"line":384,"column":5}},"91":{"start":{"line":333,"column":21},"end":{"line":333,"column":31}},"92":{"start":{"line":335,"column":8},"end":{"line":335,"column":16}},"93":{"start":{"line":337,"column":26},"end":{"line":337,"column":52}},"94":{"start":{"line":338,"column":6},"end":{"line":343,"column":7}},"95":{"start":{"line":339,"column":8},"end":{"line":342,"column":11}},"96":{"start":{"line":346,"column":25},"end":{"line":359,"column":8}},"97":{"start":{"line":362,"column":6},"end":{"line":369,"column":7}},"98":{"start":{"line":363,"column":8},"end":{"line":368,"column":11}},"99":{"start":{"line":371,"column":6},"end":{"line":371,"column":65}},"100":{"start":{"line":373,"column":6},"end":{"line":377,"column":9}},"101":{"start":{"line":379,"column":6},"end":{"line":379,"column":67}},"102":{"start":{"line":380,"column":6},"end":{"line":383,"column":9}},"103":{"start":{"line":391,"column":2},"end":{"line":450,"column":5}},"104":{"start":{"line":392,"column":4},"end":{"line":449,"column":5}},"105":{"start":{"line":393,"column":21},"end":{"line":393,"column":31}},"106":{"start":{"line":394,"column":28},"end":{"line":394,"column":37}},"107":{"start":{"line":396,"column":18},"end":{"line":396,"column":44}},"108":{"start":{"line":397,"column":6},"end":{"line":402,"column":7}},"109":{"start":{"line":398,"column":8},"end":{"line":401,"column":11}},"110":{"start":{"line":404,"column":6},"end":{"line":420,"column":7}},"111":{"start":{"line":406,"column":8},"end":{"line":411,"column":9}},"112":{"start":{"line":407,"column":10},"end":{"line":410,"column":13}},"113":{"start":{"line":413,"column":8},"end":{"line":416,"column":11}},"114":{"start":{"line":419,"column":8},"end":{"line":419,"column":50}},"115":{"start":{"line":423,"column":6},"end":{"line":425,"column":7}},"116":{"start":{"line":424,"column":8},"end":{"line":424,"column":36}},"117":{"start":{"line":428,"column":6},"end":{"line":435,"column":7}},"118":{"start":{"line":429,"column":8},"end":{"line":434,"column":11}},"119":{"start":{"line":437,"column":6},"end":{"line":437,"column":65}},"120":{"start":{"line":439,"column":6},"end":{"line":442,"column":9}},"121":{"start":{"line":444,"column":6},"end":{"line":444,"column":67}},"122":{"start":{"line":445,"column":6},"end":{"line":448,"column":9}},"123":{"start":{"line":456,"column":2},"end":{"line":512,"column":5}},"124":{"start":{"line":457,"column":4},"end":{"line":511,"column":5}},"125":{"start":{"line":458,"column":21},"end":{"line":458,"column":31}},"126":{"start":{"line":459,"column":27},"end":{"line":459,"column":35}},"127":{"start":{"line":461,"column":6},"end":{"line":466,"column":7}},"128":{"start":{"line":462,"column":8},"end":{"line":465,"column":11}},"129":{"start":{"line":468,"column":18},"end":{"line":468,"column":44}},"130":{"start":{"line":469,"column":6},"end":{"line":474,"column":7}},"131":{"start":{"line":470,"column":8},"end":{"line":473,"column":11}},"132":{"start":{"line":477,"column":25},"end":{"line":477,"column":56}},"133":{"start":{"line":480,"column":25},"end":{"line":480,"column":63}},"134":{"start":{"line":481,"column":6},"end":{"line":483,"column":7}},"135":{"start":{"line":482,"column":8},"end":{"line":482,"column":48}},"136":{"start":{"line":485,"column":28},"end":{"line":485,"column":82}},"137":{"start":{"line":486,"column":6},"end":{"line":486,"column":64}},"138":{"start":{"line":489,"column":6},"end":{"line":496,"column":7}},"139":{"start":{"line":490,"column":8},"end":{"line":495,"column":11}},"140":{"start":{"line":498,"column":6},"end":{"line":498,"column":83}},"141":{"start":{"line":500,"column":6},"end":{"line":504,"column":9}},"142":{"start":{"line":506,"column":6},"end":{"line":506,"column":67}},"143":{"start":{"line":507,"column":6},"end":{"line":510,"column":9}},"144":{"start":{"line":518,"column":2},"end":{"line":550,"column":5}},"145":{"start":{"line":519,"column":4},"end":{"line":549,"column":5}},"146":{"start":{"line":520,"column":21},"end":{"line":520,"column":31}},"147":{"start":{"line":522,"column":6},"end":{"line":524,"column":7}},"148":{"start":{"line":523,"column":8},"end":{"line":523,"column":36}},"149":{"start":{"line":526,"column":6},"end":{"line":526,"column":49}},"150":{"start":{"line":529,"column":6},"end":{"line":535,"column":7}},"151":{"start":{"line":530,"column":8},"end":{"line":534,"column":11}},"152":{"start":{"line":537,"column":6},"end":{"line":537,"column":67}},"153":{"start":{"line":539,"column":6},"end":{"line":542,"column":9}},"154":{"start":{"line":544,"column":6},"end":{"line":544,"column":69}},"155":{"start":{"line":545,"column":6},"end":{"line":548,"column":9}},"156":{"start":{"line":556,"column":2},"end":{"line":611,"column":5}},"157":{"start":{"line":557,"column":4},"end":{"line":610,"column":5}},"158":{"start":{"line":558,"column":21},"end":{"line":558,"column":31}},"159":{"start":{"line":559,"column":55},"end":{"line":559,"column":63}},"160":{"start":{"line":561,"column":6},"end":{"line":566,"column":7}},"161":{"start":{"line":562,"column":8},"end":{"line":565,"column":11}},"162":{"start":{"line":568,"column":18},"end":{"line":568,"column":40}},"163":{"start":{"line":569,"column":6},"end":{"line":574,"column":7}},"164":{"start":{"line":570,"column":8},"end":{"line":573,"column":11}},"165":{"start":{"line":576,"column":19},"end":{"line":583,"column":7}},"166":{"start":{"line":585,"column":6},"end":{"line":585,"column":44}},"167":{"start":{"line":588,"column":6},"end":{"line":595,"column":7}},"168":{"start":{"line":589,"column":8},"end":{"line":594,"column":11}},"169":{"start":{"line":597,"column":6},"end":{"line":597,"column":80}},"170":{"start":{"line":599,"column":6},"end":{"line":603,"column":9}},"171":{"start":{"line":605,"column":6},"end":{"line":605,"column":76}},"172":{"start":{"line":606,"column":6},"end":{"line":609,"column":9}},"173":{"start":{"line":617,"column":2},"end":{"line":663,"column":5}},"174":{"start":{"line":618,"column":4},"end":{"line":662,"column":5}},"175":{"start":{"line":619,"column":6},"end":{"line":624,"column":7}},"176":{"start":{"line":620,"column":8},"end":{"line":623,"column":11}},"177":{"start":{"line":627,"column":22},"end":{"line":627,"column":49}},"178":{"start":{"line":628,"column":27},"end":{"line":628,"column":75}},"179":{"start":{"line":628,"column":51},"end":{"line":628,"column":74}},"180":{"start":{"line":631,"column":25},"end":{"line":631,"column":72}},"181":{"start":{"line":632,"column":6},"end":{"line":634,"column":7}},"182":{"start":{"line":633,"column":8},"end":{"line":633,"column":48}},"183":{"start":{"line":636,"column":22},"end":{"line":636,"column":57}},"184":{"start":{"line":639,"column":6},"end":{"line":646,"column":7}},"185":{"start":{"line":640,"column":8},"end":{"line":645,"column":11}},"186":{"start":{"line":642,"column":35},"end":{"line":642,"column":39}},"187":{"start":{"line":648,"column":6},"end":{"line":648,"column":78}},"188":{"start":{"line":650,"column":6},"end":{"line":655,"column":9}},"189":{"start":{"line":654,"column":34},"end":{"line":654,"column":60}},"190":{"start":{"line":657,"column":6},"end":{"line":657,"column":55}},"191":{"start":{"line":658,"column":6},"end":{"line":661,"column":9}},"192":{"start":{"line":669,"column":2},"end":{"line":693,"column":5}},"193":{"start":{"line":670,"column":4},"end":{"line":692,"column":5}},"194":{"start":{"line":671,"column":21},"end":{"line":671,"column":42}},"195":{"start":{"line":673,"column":6},"end":{"line":685,"column":9}},"196":{"start":{"line":687,"column":6},"end":{"line":687,"column":52}},"197":{"start":{"line":688,"column":6},"end":{"line":691,"column":9}},"198":{"start":{"line":699,"column":2},"end":{"line":734,"column":5}},"199":{"start":{"line":700,"column":4},"end":{"line":733,"column":5}},"200":{"start":{"line":701,"column":6},"end":{"line":706,"column":7}},"201":{"start":{"line":702,"column":8},"end":{"line":705,"column":11}},"202":{"start":{"line":708,"column":23},"end":{"line":708,"column":79}},"203":{"start":{"line":710,"column":6},"end":{"line":726,"column":9}},"204":{"start":{"line":713,"column":39},"end":{"line":725,"column":9}},"205":{"start":{"line":728,"column":6},"end":{"line":728,"column":63}},"206":{"start":{"line":729,"column":6},"end":{"line":732,"column":9}},"207":{"start":{"line":736,"column":2},"end":{"line":762,"column":3}},"208":{"start":{"line":737,"column":4},"end":{"line":749,"column":7}},"209":{"start":{"line":738,"column":6},"end":{"line":748,"column":7}},"210":{"start":{"line":739,"column":22},"end":{"line":739,"column":53}},"211":{"start":{"line":740,"column":8},"end":{"line":744,"column":11}},"212":{"start":{"line":746,"column":8},"end":{"line":746,"column":67}},"213":{"start":{"line":747,"column":8},"end":{"line":747,"column":80}},"214":{"start":{"line":751,"column":4},"end":{"line":761,"column":7}},"215":{"start":{"line":752,"column":6},"end":{"line":760,"column":7}},"216":{"start":{"line":753,"column":24},"end":{"line":753,"column":63}},"217":{"start":{"line":754,"column":8},"end":{"line":754,"column":48}},"218":{"start":{"line":756,"column":8},"end":{"line":756,"column":67}},"219":{"start":{"line":757,"column":8},"end":{"line":759,"column":88}},"220":{"start":{"line":764,"column":2},"end":{"line":764,"column":16}}},"fnMap":{"0":{"name":"countSpawnedBots","decl":{"start":{"line":13,"column":9},"end":{"line":13,"column":25}},"loc":{"start":{"line":13,"column":37},"end":{"line":17,"column":1}},"line":13},"1":{"name":"(anonymous_1)","decl":{"start":{"line":16,"column":24},"end":{"line":16,"column":25}},"loc":{"start":{"line":16,"column":33},"end":{"line":16,"column":56}},"line":16},"2":{"name":"checkSpawnLimit","decl":{"start":{"line":25,"column":9},"end":{"line":25,"column":24}},"loc":{"start":{"line":25,"column":47},"end":{"line":39,"column":1}},"line":25},"3":{"name":"initBotRoutes","decl":{"start":{"line":46,"column":16},"end":{"line":46,"column":29}},"loc":{"start":{"line":46,"column":45},"end":{"line":765,"column":1}},"line":46},"4":{"name":"(anonymous_4)","decl":{"start":{"line":56,"column":30},"end":{"line":56,"column":31}},"loc":{"start":{"line":56,"column":40},"end":{"line":56,"column":66}},"line":56},"5":{"name":"(anonymous_5)","decl":{"start":{"line":57,"column":31},"end":{"line":57,"column":32}},"loc":{"start":{"line":57,"column":41},"end":{"line":57,"column":68}},"line":57},"6":{"name":"(anonymous_6)","decl":{"start":{"line":58,"column":39},"end":{"line":58,"column":40}},"loc":{"start":{"line":58,"column":49},"end":{"line":58,"column":83}},"line":58},"7":{"name":"(anonymous_7)","decl":{"start":{"line":59,"column":29},"end":{"line":59,"column":30}},"loc":{"start":{"line":59,"column":39},"end":{"line":59,"column":64}},"line":59},"8":{"name":"(anonymous_8)","decl":{"start":{"line":60,"column":30},"end":{"line":60,"column":31}},"loc":{"start":{"line":60,"column":40},"end":{"line":60,"column":66}},"line":60},"9":{"name":"(anonymous_9)","decl":{"start":{"line":71,"column":24},"end":{"line":71,"column":25}},"loc":{"start":{"line":71,"column":38},"end":{"line":77,"column":3}},"line":71},"10":{"name":"(anonymous_10)","decl":{"start":{"line":87,"column":51},"end":{"line":87,"column":52}},"loc":{"start":{"line":87,"column":65},"end":{"line":143,"column":3}},"line":87},"11":{"name":"(anonymous_11)","decl":{"start":{"line":96,"column":27},"end":{"line":96,"column":28}},"loc":{"start":{"line":96,"column":36},"end":{"line":96,"column":61}},"line":96},"12":{"name":"(anonymous_12)","decl":{"start":{"line":101,"column":27},"end":{"line":101,"column":28}},"loc":{"start":{"line":101,"column":36},"end":{"line":101,"column":57}},"line":101},"13":{"name":"(anonymous_13)","decl":{"start":{"line":104,"column":27},"end":{"line":104,"column":28}},"loc":{"start":{"line":104,"column":36},"end":{"line":104,"column":53}},"line":104},"14":{"name":"(anonymous_14)","decl":{"start":{"line":107,"column":27},"end":{"line":107,"column":28}},"loc":{"start":{"line":107,"column":36},"end":{"line":107,"column":56}},"line":107},"15":{"name":"(anonymous_15)","decl":{"start":{"line":113,"column":23},"end":{"line":113,"column":24}},"loc":{"start":{"line":113,"column":32},"end":{"line":134,"column":9}},"line":113},"16":{"name":"(anonymous_16)","decl":{"start":{"line":149,"column":54},"end":{"line":149,"column":55}},"loc":{"start":{"line":149,"column":68},"end":{"line":214,"column":3}},"line":149},"17":{"name":"(anonymous_17)","decl":{"start":{"line":220,"column":53},"end":{"line":220,"column":54}},"loc":{"start":{"line":220,"column":73},"end":{"line":325,"column":3}},"line":220},"18":{"name":"(anonymous_18)","decl":{"start":{"line":331,"column":55},"end":{"line":331,"column":56}},"loc":{"start":{"line":331,"column":75},"end":{"line":385,"column":3}},"line":331},"19":{"name":"(anonymous_19)","decl":{"start":{"line":391,"column":59},"end":{"line":391,"column":60}},"loc":{"start":{"line":391,"column":79},"end":{"line":450,"column":3}},"line":391},"20":{"name":"(anonymous_20)","decl":{"start":{"line":456,"column":62},"end":{"line":456,"column":63}},"loc":{"start":{"line":456,"column":82},"end":{"line":512,"column":3}},"line":456},"21":{"name":"(anonymous_21)","decl":{"start":{"line":518,"column":64},"end":{"line":518,"column":65}},"loc":{"start":{"line":518,"column":84},"end":{"line":550,"column":3}},"line":518},"22":{"name":"(anonymous_22)","decl":{"start":{"line":556,"column":63},"end":{"line":556,"column":64}},"loc":{"start":{"line":556,"column":83},"end":{"line":611,"column":3}},"line":556},"23":{"name":"(anonymous_23)","decl":{"start":{"line":617,"column":62},"end":{"line":617,"column":63}},"loc":{"start":{"line":617,"column":82},"end":{"line":663,"column":3}},"line":617},"24":{"name":"(anonymous_24)","decl":{"start":{"line":628,"column":42},"end":{"line":628,"column":43}},"loc":{"start":{"line":628,"column":51},"end":{"line":628,"column":74}},"line":628},"25":{"name":"(anonymous_25)","decl":{"start":{"line":642,"column":28},"end":{"line":642,"column":29}},"loc":{"start":{"line":642,"column":35},"end":{"line":642,"column":39}},"line":642},"26":{"name":"(anonymous_26)","decl":{"start":{"line":654,"column":26},"end":{"line":654,"column":27}},"loc":{"start":{"line":654,"column":34},"end":{"line":654,"column":60}},"line":654},"27":{"name":"(anonymous_27)","decl":{"start":{"line":669,"column":57},"end":{"line":669,"column":58}},"loc":{"start":{"line":669,"column":71},"end":{"line":693,"column":3}},"line":669},"28":{"name":"(anonymous_28)","decl":{"start":{"line":699,"column":59},"end":{"line":699,"column":60}},"loc":{"start":{"line":699,"column":73},"end":{"line":734,"column":3}},"line":699},"29":{"name":"(anonymous_29)","decl":{"start":{"line":713,"column":31},"end":{"line":713,"column":32}},"loc":{"start":{"line":713,"column":39},"end":{"line":725,"column":9}},"line":713},"30":{"name":"(anonymous_30)","decl":{"start":{"line":737,"column":64},"end":{"line":737,"column":65}},"loc":{"start":{"line":737,"column":78},"end":{"line":749,"column":5}},"line":737},"31":{"name":"(anonymous_31)","decl":{"start":{"line":751,"column":72},"end":{"line":751,"column":73}},"loc":{"start":{"line":751,"column":92},"end":{"line":761,"column":5}},"line":751}},"branchMap":{"0":{"loc":{"start":{"line":14,"column":2},"end":{"line":14,"column":37}},"type":"if","locations":[{"start":{"line":14,"column":2},"end":{"line":14,"column":37}},{"start":{},"end":{}}],"line":14},"1":{"loc":{"start":{"line":25,"column":36},"end":{"line":25,"column":45}},"type":"default-arg","locations":[{"start":{"line":25,"column":44},"end":{"line":25,"column":45}}],"line":25},"2":{"loc":{"start":{"line":27,"column":2},"end":{"line":37,"column":3}},"type":"if","locations":[{"start":{"line":27,"column":2},"end":{"line":37,"column":3}},{"start":{},"end":{}}],"line":27},"3":{"loc":{"start":{"line":49,"column":2},"end":{"line":51,"column":3}},"type":"if","locations":[{"start":{"line":49,"column":2},"end":{"line":51,"column":3}},{"start":{},"end":{}}],"line":49},"4":{"loc":{"start":{"line":53,"column":21},"end":{"line":53,"column":50}},"type":"binary-expr","locations":[{"start":{"line":53,"column":21},"end":{"line":53,"column":42}},{"start":{"line":53,"column":46},"end":{"line":53,"column":50}}],"line":53},"5":{"loc":{"start":{"line":55,"column":2},"end":{"line":61,"column":3}},"type":"if","locations":[{"start":{"line":55,"column":2},"end":{"line":61,"column":3}},{"start":{},"end":{}}],"line":55},"6":{"loc":{"start":{"line":92,"column":25},"end":{"line":92,"column":78}},"type":"cond-expr","locations":[{"start":{"line":92,"column":57},"end":{"line":92,"column":71}},{"start":{"line":92,"column":74},"end":{"line":92,"column":78}}],"line":92},"7":{"loc":{"start":{"line":95,"column":6},"end":{"line":97,"column":7}},"type":"if","locations":[{"start":{"line":95,"column":6},"end":{"line":97,"column":7}},{"start":{},"end":{}}],"line":95},"8":{"loc":{"start":{"line":100,"column":6},"end":{"line":102,"column":7}},"type":"if","locations":[{"start":{"line":100,"column":6},"end":{"line":102,"column":7}},{"start":{},"end":{}}],"line":100},"9":{"loc":{"start":{"line":103,"column":6},"end":{"line":105,"column":7}},"type":"if","locations":[{"start":{"line":103,"column":6},"end":{"line":105,"column":7}},{"start":{},"end":{}}],"line":103},"10":{"loc":{"start":{"line":106,"column":6},"end":{"line":108,"column":7}},"type":"if","locations":[{"start":{"line":106,"column":6},"end":{"line":108,"column":7}},{"start":{},"end":{}}],"line":106},"11":{"loc":{"start":{"line":114,"column":26},"end":{"line":114,"column":66}},"type":"binary-expr","locations":[{"start":{"line":114,"column":26},"end":{"line":114,"column":58}},{"start":{"line":114,"column":62},"end":{"line":114,"column":66}}],"line":114},"12":{"loc":{"start":{"line":119,"column":20},"end":{"line":119,"column":49}},"type":"binary-expr","locations":[{"start":{"line":119,"column":20},"end":{"line":119,"column":35}},{"start":{"line":119,"column":39},"end":{"line":119,"column":49}}],"line":119},"13":{"loc":{"start":{"line":123,"column":22},"end":{"line":123,"column":85}},"type":"binary-expr","locations":[{"start":{"line":123,"column":22},"end":{"line":123,"column":39}},{"start":{"line":123,"column":43},"end":{"line":123,"column":64}},{"start":{"line":123,"column":68},"end":{"line":123,"column":85}}],"line":123},"14":{"loc":{"start":{"line":124,"column":22},"end":{"line":124,"column":47}},"type":"binary-expr","locations":[{"start":{"line":124,"column":22},"end":{"line":124,"column":39}},{"start":{"line":124,"column":43},"end":{"line":124,"column":47}}],"line":124},"15":{"loc":{"start":{"line":125,"column":18},"end":{"line":125,"column":41}},"type":"binary-expr","locations":[{"start":{"line":125,"column":18},"end":{"line":125,"column":36}},{"start":{"line":125,"column":40},"end":{"line":125,"column":41}}],"line":125},"16":{"loc":{"start":{"line":126,"column":24},"end":{"line":126,"column":51}},"type":"binary-expr","locations":[{"start":{"line":126,"column":24},"end":{"line":126,"column":43}},{"start":{"line":126,"column":47},"end":{"line":126,"column":51}}],"line":126},"17":{"loc":{"start":{"line":127,"column":20},"end":{"line":127,"column":50}},"type":"binary-expr","locations":[{"start":{"line":127,"column":20},"end":{"line":127,"column":44}},{"start":{"line":127,"column":48},"end":{"line":127,"column":50}}],"line":127},"18":{"loc":{"start":{"line":128,"column":22},"end":{"line":128,"column":47}},"type":"binary-expr","locations":[{"start":{"line":128,"column":22},"end":{"line":128,"column":39}},{"start":{"line":128,"column":43},"end":{"line":128,"column":47}}],"line":128},"19":{"loc":{"start":{"line":154,"column":6},"end":{"line":159,"column":7}},"type":"if","locations":[{"start":{"line":154,"column":6},"end":{"line":159,"column":7}},{"start":{},"end":{}}],"line":154},"20":{"loc":{"start":{"line":163,"column":6},"end":{"line":181,"column":7}},"type":"if","locations":[{"start":{"line":163,"column":6},"end":{"line":181,"column":7}},{"start":{},"end":{}}],"line":163},"21":{"loc":{"start":{"line":165,"column":8},"end":{"line":180,"column":9}},"type":"if","locations":[{"start":{"line":165,"column":8},"end":{"line":180,"column":9}},{"start":{},"end":{}}],"line":165},"22":{"loc":{"start":{"line":172,"column":14},"end":{"line":176,"column":19}},"type":"cond-expr","locations":[{"start":{"line":173,"column":18},"end":{"line":175,"column":21}},{"start":{"line":176,"column":18},"end":{"line":176,"column":19}}],"line":172},"23":{"loc":{"start":{"line":184,"column":8},"end":{"line":184,"column":86}},"type":"cond-expr","locations":[{"start":{"line":184,"column":40},"end":{"line":184,"column":79}},{"start":{"line":184,"column":82},"end":{"line":184,"column":86}}],"line":184},"24":{"loc":{"start":{"line":184,"column":40},"end":{"line":184,"column":79}},"type":"binary-expr","locations":[{"start":{"line":184,"column":40},"end":{"line":184,"column":71}},{"start":{"line":184,"column":75},"end":{"line":184,"column":79}}],"line":184},"25":{"loc":{"start":{"line":186,"column":26},"end":{"line":196,"column":14}},"type":"cond-expr","locations":[{"start":{"line":187,"column":10},"end":{"line":195,"column":11}},{"start":{"line":196,"column":10},"end":{"line":196,"column":14}}],"line":186},"26":{"loc":{"start":{"line":202,"column":17},"end":{"line":202,"column":46}},"type":"binary-expr","locations":[{"start":{"line":202,"column":17},"end":{"line":202,"column":32}},{"start":{"line":202,"column":36},"end":{"line":202,"column":46}}],"line":202},"27":{"loc":{"start":{"line":237,"column":6},"end":{"line":245,"column":7}},"type":"if","locations":[{"start":{"line":237,"column":6},"end":{"line":245,"column":7}},{"start":{},"end":{}}],"line":237},"28":{"loc":{"start":{"line":237,"column":10},"end":{"line":237,"column":50}},"type":"binary-expr","locations":[{"start":{"line":237,"column":10},"end":{"line":237,"column":18}},{"start":{"line":237,"column":22},"end":{"line":237,"column":50}}],"line":237},"29":{"loc":{"start":{"line":239,"column":8},"end":{"line":244,"column":9}},"type":"if","locations":[{"start":{"line":239,"column":8},"end":{"line":244,"column":9}},{"start":{},"end":{}}],"line":239},"30":{"loc":{"start":{"line":239,"column":12},"end":{"line":239,"column":87}},"type":"binary-expr","locations":[{"start":{"line":239,"column":12},"end":{"line":239,"column":33}},{"start":{"line":239,"column":38},"end":{"line":239,"column":60}},{"start":{"line":239,"column":64},"end":{"line":239,"column":86}}],"line":239},"31":{"loc":{"start":{"line":250,"column":6},"end":{"line":252,"column":7}},"type":"if","locations":[{"start":{"line":250,"column":6},"end":{"line":252,"column":7}},{"start":{},"end":{}}],"line":250},"32":{"loc":{"start":{"line":254,"column":6},"end":{"line":259,"column":7}},"type":"if","locations":[{"start":{"line":254,"column":6},"end":{"line":259,"column":7}},{"start":{},"end":{}}],"line":254},"33":{"loc":{"start":{"line":254,"column":10},"end":{"line":254,"column":24}},"type":"binary-expr","locations":[{"start":{"line":254,"column":10},"end":{"line":254,"column":15}},{"start":{"line":254,"column":19},"end":{"line":254,"column":24}}],"line":254},"34":{"loc":{"start":{"line":261,"column":22},"end":{"line":261,"column":34}},"type":"binary-expr","locations":[{"start":{"line":261,"column":22},"end":{"line":261,"column":26}},{"start":{"line":261,"column":30},"end":{"line":261,"column":34}}],"line":261},"35":{"loc":{"start":{"line":262,"column":22},"end":{"line":262,"column":34}},"type":"binary-expr","locations":[{"start":{"line":262,"column":22},"end":{"line":262,"column":26}},{"start":{"line":262,"column":30},"end":{"line":262,"column":34}}],"line":262},"36":{"loc":{"start":{"line":266,"column":18},"end":{"line":266,"column":33}},"type":"binary-expr","locations":[{"start":{"line":266,"column":18},"end":{"line":266,"column":22}},{"start":{"line":266,"column":26},"end":{"line":266,"column":33}}],"line":266},"37":{"loc":{"start":{"line":269,"column":21},"end":{"line":269,"column":45}},"type":"binary-expr","locations":[{"start":{"line":269,"column":21},"end":{"line":269,"column":32}},{"start":{"line":269,"column":36},"end":{"line":269,"column":45}}],"line":269},"38":{"loc":{"start":{"line":270,"column":20},"end":{"line":270,"column":43}},"type":"binary-expr","locations":[{"start":{"line":270,"column":20},"end":{"line":270,"column":30}},{"start":{"line":270,"column":34},"end":{"line":270,"column":43}}],"line":270},"39":{"loc":{"start":{"line":271,"column":21},"end":{"line":271,"column":45}},"type":"binary-expr","locations":[{"start":{"line":271,"column":21},"end":{"line":271,"column":32}},{"start":{"line":271,"column":36},"end":{"line":271,"column":45}}],"line":271},"40":{"loc":{"start":{"line":272,"column":18},"end":{"line":272,"column":39}},"type":"binary-expr","locations":[{"start":{"line":272,"column":18},"end":{"line":272,"column":26}},{"start":{"line":272,"column":30},"end":{"line":272,"column":39}}],"line":272},"41":{"loc":{"start":{"line":274,"column":26},"end":{"line":274,"column":46}},"type":"binary-expr","locations":[{"start":{"line":274,"column":26},"end":{"line":274,"column":40}},{"start":{"line":274,"column":44},"end":{"line":274,"column":46}}],"line":274},"42":{"loc":{"start":{"line":275,"column":26},"end":{"line":275,"column":53}},"type":"binary-expr","locations":[{"start":{"line":275,"column":26},"end":{"line":275,"column":40}},{"start":{"line":275,"column":44},"end":{"line":275,"column":53}}],"line":275},"43":{"loc":{"start":{"line":282,"column":28},"end":{"line":282,"column":58}},"type":"binary-expr","locations":[{"start":{"line":282,"column":28},"end":{"line":282,"column":50}},{"start":{"line":282,"column":54},"end":{"line":282,"column":58}}],"line":282},"44":{"loc":{"start":{"line":283,"column":30},"end":{"line":283,"column":78}},"type":"binary-expr","locations":[{"start":{"line":283,"column":30},"end":{"line":283,"column":43}},{"start":{"line":283,"column":47},"end":{"line":283,"column":78}}],"line":283},"45":{"loc":{"start":{"line":286,"column":6},"end":{"line":297,"column":7}},"type":"if","locations":[{"start":{"line":286,"column":6},"end":{"line":297,"column":7}},{"start":{},"end":{}}],"line":286},"46":{"loc":{"start":{"line":303,"column":17},"end":{"line":305,"column":48}},"type":"cond-expr","locations":[{"start":{"line":304,"column":12},"end":{"line":304,"column":60}},{"start":{"line":305,"column":12},"end":{"line":305,"column":48}}],"line":303},"47":{"loc":{"start":{"line":316,"column":23},"end":{"line":316,"column":49}},"type":"binary-expr","locations":[{"start":{"line":316,"column":23},"end":{"line":316,"column":36}},{"start":{"line":316,"column":40},"end":{"line":316,"column":49}}],"line":316},"48":{"loc":{"start":{"line":338,"column":6},"end":{"line":343,"column":7}},"type":"if","locations":[{"start":{"line":338,"column":6},"end":{"line":343,"column":7}},{"start":{},"end":{}}],"line":338},"49":{"loc":{"start":{"line":348,"column":21},"end":{"line":348,"column":59}},"type":"binary-expr","locations":[{"start":{"line":348,"column":21},"end":{"line":348,"column":32}},{"start":{"line":348,"column":36},"end":{"line":348,"column":59}}],"line":348},"50":{"loc":{"start":{"line":349,"column":21},"end":{"line":349,"column":59}},"type":"binary-expr","locations":[{"start":{"line":349,"column":21},"end":{"line":349,"column":32}},{"start":{"line":349,"column":36},"end":{"line":349,"column":59}}],"line":349},"51":{"loc":{"start":{"line":350,"column":20},"end":{"line":350,"column":56}},"type":"binary-expr","locations":[{"start":{"line":350,"column":20},"end":{"line":350,"column":30}},{"start":{"line":350,"column":34},"end":{"line":350,"column":56}}],"line":350},"52":{"loc":{"start":{"line":351,"column":23},"end":{"line":351,"column":60}},"type":"binary-expr","locations":[{"start":{"line":351,"column":23},"end":{"line":351,"column":31}},{"start":{"line":351,"column":35},"end":{"line":351,"column":60}}],"line":351},"53":{"loc":{"start":{"line":354,"column":26},"end":{"line":354,"column":80}},"type":"binary-expr","locations":[{"start":{"line":354,"column":26},"end":{"line":354,"column":40}},{"start":{"line":354,"column":44},"end":{"line":354,"column":80}}],"line":354},"54":{"loc":{"start":{"line":355,"column":26},"end":{"line":355,"column":80}},"type":"binary-expr","locations":[{"start":{"line":355,"column":26},"end":{"line":355,"column":40}},{"start":{"line":355,"column":44},"end":{"line":355,"column":80}}],"line":355},"55":{"loc":{"start":{"line":362,"column":6},"end":{"line":369,"column":7}},"type":"if","locations":[{"start":{"line":362,"column":6},"end":{"line":369,"column":7}},{"start":{},"end":{}}],"line":362},"56":{"loc":{"start":{"line":397,"column":6},"end":{"line":402,"column":7}},"type":"if","locations":[{"start":{"line":397,"column":6},"end":{"line":402,"column":7}},{"start":{},"end":{}}],"line":397},"57":{"loc":{"start":{"line":404,"column":6},"end":{"line":420,"column":7}},"type":"if","locations":[{"start":{"line":404,"column":6},"end":{"line":420,"column":7}},{"start":{"line":417,"column":13},"end":{"line":420,"column":7}}],"line":404},"58":{"loc":{"start":{"line":406,"column":8},"end":{"line":411,"column":9}},"type":"if","locations":[{"start":{"line":406,"column":8},"end":{"line":411,"column":9}},{"start":{},"end":{}}],"line":406},"59":{"loc":{"start":{"line":423,"column":6},"end":{"line":425,"column":7}},"type":"if","locations":[{"start":{"line":423,"column":6},"end":{"line":425,"column":7}},{"start":{},"end":{}}],"line":423},"60":{"loc":{"start":{"line":428,"column":6},"end":{"line":435,"column":7}},"type":"if","locations":[{"start":{"line":428,"column":6},"end":{"line":435,"column":7}},{"start":{},"end":{}}],"line":428},"61":{"loc":{"start":{"line":441,"column":30},"end":{"line":441,"column":90}},"type":"cond-expr","locations":[{"start":{"line":441,"column":53},"end":{"line":441,"column":74}},{"start":{"line":441,"column":77},"end":{"line":441,"column":90}}],"line":441},"62":{"loc":{"start":{"line":461,"column":6},"end":{"line":466,"column":7}},"type":"if","locations":[{"start":{"line":461,"column":6},"end":{"line":466,"column":7}},{"start":{},"end":{}}],"line":461},"63":{"loc":{"start":{"line":469,"column":6},"end":{"line":474,"column":7}},"type":"if","locations":[{"start":{"line":469,"column":6},"end":{"line":474,"column":7}},{"start":{},"end":{}}],"line":469},"64":{"loc":{"start":{"line":477,"column":25},"end":{"line":477,"column":56}},"type":"cond-expr","locations":[{"start":{"line":477,"column":51},"end":{"line":477,"column":52}},{"start":{"line":477,"column":55},"end":{"line":477,"column":56}}],"line":477},"65":{"loc":{"start":{"line":481,"column":6},"end":{"line":483,"column":7}},"type":"if","locations":[{"start":{"line":481,"column":6},"end":{"line":483,"column":7}},{"start":{},"end":{}}],"line":481},"66":{"loc":{"start":{"line":485,"column":28},"end":{"line":485,"column":82}},"type":"binary-expr","locations":[{"start":{"line":485,"column":28},"end":{"line":485,"column":36}},{"start":{"line":485,"column":40},"end":{"line":485,"column":61}},{"start":{"line":485,"column":65},"end":{"line":485,"column":82}}],"line":485},"67":{"loc":{"start":{"line":489,"column":6},"end":{"line":496,"column":7}},"type":"if","locations":[{"start":{"line":489,"column":6},"end":{"line":496,"column":7}},{"start":{},"end":{}}],"line":489},"68":{"loc":{"start":{"line":522,"column":6},"end":{"line":524,"column":7}},"type":"if","locations":[{"start":{"line":522,"column":6},"end":{"line":524,"column":7}},{"start":{},"end":{}}],"line":522},"69":{"loc":{"start":{"line":529,"column":6},"end":{"line":535,"column":7}},"type":"if","locations":[{"start":{"line":529,"column":6},"end":{"line":535,"column":7}},{"start":{},"end":{}}],"line":529},"70":{"loc":{"start":{"line":561,"column":6},"end":{"line":566,"column":7}},"type":"if","locations":[{"start":{"line":561,"column":6},"end":{"line":566,"column":7}},{"start":{},"end":{}}],"line":561},"71":{"loc":{"start":{"line":569,"column":6},"end":{"line":574,"column":7}},"type":"if","locations":[{"start":{"line":569,"column":6},"end":{"line":574,"column":7}},{"start":{},"end":{}}],"line":569},"72":{"loc":{"start":{"line":578,"column":16},"end":{"line":578,"column":30}},"type":"binary-expr","locations":[{"start":{"line":578,"column":16},"end":{"line":578,"column":22}},{"start":{"line":578,"column":26},"end":{"line":578,"column":30}}],"line":578},"73":{"loc":{"start":{"line":580,"column":18},"end":{"line":580,"column":38}},"type":"binary-expr","locations":[{"start":{"line":580,"column":18},"end":{"line":580,"column":26}},{"start":{"line":580,"column":30},"end":{"line":580,"column":38}}],"line":580},"74":{"loc":{"start":{"line":588,"column":6},"end":{"line":595,"column":7}},"type":"if","locations":[{"start":{"line":588,"column":6},"end":{"line":595,"column":7}},{"start":{},"end":{}}],"line":588},"75":{"loc":{"start":{"line":619,"column":6},"end":{"line":624,"column":7}},"type":"if","locations":[{"start":{"line":619,"column":6},"end":{"line":624,"column":7}},{"start":{},"end":{}}],"line":619},"76":{"loc":{"start":{"line":632,"column":6},"end":{"line":634,"column":7}},"type":"if","locations":[{"start":{"line":632,"column":6},"end":{"line":634,"column":7}},{"start":{},"end":{}}],"line":632},"77":{"loc":{"start":{"line":639,"column":6},"end":{"line":646,"column":7}},"type":"if","locations":[{"start":{"line":639,"column":6},"end":{"line":646,"column":7}},{"start":{},"end":{}}],"line":639},"78":{"loc":{"start":{"line":701,"column":6},"end":{"line":706,"column":7}},"type":"if","locations":[{"start":{"line":701,"column":6},"end":{"line":706,"column":7}},{"start":{},"end":{}}],"line":701},"79":{"loc":{"start":{"line":720,"column":12},"end":{"line":722,"column":17}},"type":"cond-expr","locations":[{"start":{"line":721,"column":16},"end":{"line":721,"column":77}},{"start":{"line":722,"column":16},"end":{"line":722,"column":17}}],"line":720},"80":{"loc":{"start":{"line":736,"column":2},"end":{"line":762,"column":3}},"type":"if","locations":[{"start":{"line":736,"column":2},"end":{"line":762,"column":3}},{"start":{},"end":{}}],"line":736}},"s":{"0":0,"1":0,"2":0,"3":0,"4":0,"5":0,"6":0,"7":0,"8":0,"9":0,"10":0,"11":0,"12":0,"13":0,"14":0,"15":0,"16":0,"17":0,"18":0,"19":0,"20":0,"21":0,"22":0,"23":0,"24":0,"25":0,"26":0,"27":0,"28":0,"29":0,"30":0,"31":0,"32":0,"33":0,"34":0,"35":0,"36":0,"37":0,"38":0,"39":0,"40":0,"41":0,"42":0,"43":0,"44":0,"45":0,"46":0,"47":0,"48":0,"49":0,"50":0,"51":0,"52":0,"53":0,"54":0,"55":0,"56":0,"57":0,"58":0,"59":0,"60":0,"61":0,"62":0,"63":0,"64":0,"65":0,"66":0,"67":0,"68":0,"69":0,"70":0,"71":0,"72":0,"73":0,"74":0,"75":0,"76":0,"77":0,"78":0,"79":0,"80":0,"81":0,"82":0,"83":0,"84":0,"85":0,"86":0,"87":0,"88":0,"89":0,"90":0,"91":0,"92":0,"93":0,"94":0,"95":0,"96":0,"97":0,"98":0,"99":0,"100":0,"101":0,"102":0,"103":0,"104":0,"105":0,"106":0,"107":0,"108":0,"109":0,"110":0,"111":0,"112":0,"113":0,"114":0,"115":0,"116":0,"117":0,"118":0,"119":0,"120":0,"121":0,"122":0,"123":0,"124":0,"125":0,"126":0,"127":0,"128":0,"129":0,"130":0,"131":0,"132":0,"133":0,"134":0,"135":0,"136":0,"137":0,"138":0,"139":0,"140":0,"141":0,"142":0,"143":0,"144":0,"145":0,"146":0,"147":0,"148":0,"149":0,"150":0,"151":0,"152":0,"153":0,"154":0,"155":0,"156":0,"157":0,"158":0,"159":0,"160":0,"161":0,"162":0,"163":0,"164":0,"165":0,"166":0,"167":0,"168":0,"169":0,"170":0,"171":0,"172":0,"173":0,"174":0,"175":0,"176":0,"177":0,"178":0,"179":0,"180":0,"181":0,"182":0,"183":0,"184":0,"185":0,"186":0,"187":0,"188":0,"189":0,"190":0,"191":0,"192":0,"193":0,"194":0,"195":0,"196":0,"197":0,"198":0,"199":0,"200":0,"201":0,"202":0,"203":0,"204":0,"205":0,"206":0,"207":0,"208":0,"209":0,"210":0,"211":0,"212":0,"213":0,"214":0,"215":0,"216":0,"217":0,"218":0,"219":0,"220":0},"f":{"0":0,"1":0,"2":0,"3":0,"4":0,"5":0,"6":0,"7":0,"8":0,"9":0,"10":0,"11":0,"12":0,"13":0,"14":0,"15":0,"16":0,"17":0,"18":0,"19":0,"20":0,"21":0,"22":0,"23":0,"24":0,"25":0,"26":0,"27":0,"28":0,"29":0,"30":0,"31":0},"b":{"0":[0,0],"1":[0],"2":[0,0],"3":[0,0],"4":[0,0],"5":[0,0],"6":[0,0],"7":[0,0],"8":[0,0],"9":[0,0],"10":[0,0],"11":[0,0],"12":[0,0],"13":[0,0,0],"14":[0,0],"15":[0,0],"16":[0,0],"17":[0,0],"18":[0,0],"19":[0,0],"20":[0,0],"21":[0,0],"22":[0,0],"23":[0,0],"24":[0,0],"25":[0,0],"26":[0,0],"27":[0,0],"28":[0,0],"29":[0,0],"30":[0,0,0],"31":[0,0],"32":[0,0],"33":[0,0],"34":[0,0],"35":[0,0],"36":[0,0],"37":[0,0],"38":[0,0],"39":[0,0],"40":[0,0],"41":[0,0],"42":[0,0],"43":[0,0],"44":[0,0],"45":[0,0],"46":[0,0],"47":[0,0],"48":[0,0],"49":[0,0],"50":[0,0],"51":[0,0],"52":[0,0],"53":[0,0],"54":[0,0],"55":[0,0],"56":[0,0],"57":[0,0],"58":[0,0],"59":[0,0],"60":[0,0],"61":[0,0],"62":[0,0],"63":[0,0],"64":[0,0],"65":[0,0],"66":[0,0,0],"67":[0,0],"68":[0,0],"69":[0,0],"70":[0,0],"71":[0,0],"72":[0,0],"73":[0,0],"74":[0,0],"75":[0,0],"76":[0,0],"77":[0,0],"78":[0,0],"79":[0,0],"80":[0,0]},"inputSourceMap":null}
,"/home/user/FGD/routes/llm.js": {"path":"/home/user/FGD/routes/llm.js","statementMap":{"0":{"start":{"line":7,"column":15},"end":{"line":7,"column":31}},"1":{"start":{"line":14,"column":4},"end":{"line":14,"column":28}},"2":{"start":{"line":17,"column":4},"end":{"line":49,"column":6}},"3":{"start":{"line":59,"column":23},"end":{"line":59,"column":35}},"4":{"start":{"line":62,"column":4},"end":{"line":75,"column":5}},"5":{"start":{"line":63,"column":20},"end":{"line":63,"column":43}},"6":{"start":{"line":64,"column":6},"end":{"line":74,"column":7}},"7":{"start":{"line":65,"column":8},"end":{"line":73,"column":9}},"8":{"start":{"line":66,"column":10},"end":{"line":66,"column":44}},"9":{"start":{"line":68,"column":10},"end":{"line":72,"column":12}},"10":{"start":{"line":78,"column":4},"end":{"line":89,"column":5}},"11":{"start":{"line":79,"column":21},"end":{"line":79,"column":79}},"12":{"start":{"line":80,"column":6},"end":{"line":86,"column":7}},"13":{"start":{"line":81,"column":8},"end":{"line":85,"column":10}},"14":{"start":{"line":92,"column":4},"end":{"line":104,"column":6}},"15":{"start":{"line":108,"column":17},"end":{"line":108,"column":25}},"16":{"start":{"line":109,"column":17},"end":{"line":109,"column":38}},"17":{"start":{"line":111,"column":16},"end":{"line":121,"column":6}},"18":{"start":{"line":123,"column":4},"end":{"line":131,"column":6}},"19":{"start":{"line":135,"column":18},"end":{"line":135,"column":26}},"20":{"start":{"line":137,"column":16},"end":{"line":137,"column":47}},"21":{"start":{"line":138,"column":4},"end":{"line":143,"column":5}},"22":{"start":{"line":139,"column":6},"end":{"line":142,"column":8}},"23":{"start":{"line":145,"column":4},"end":{"line":145,"column":51}},"24":{"start":{"line":146,"column":4},"end":{"line":148,"column":5}},"25":{"start":{"line":147,"column":6},"end":{"line":147,"column":39}},"26":{"start":{"line":150,"column":4},"end":{"line":153,"column":6}},"27":{"start":{"line":157,"column":17},"end":{"line":157,"column":50}},"28":{"start":{"line":159,"column":4},"end":{"line":168,"column":6}},"29":{"start":{"line":162,"column":31},"end":{"line":167,"column":7}},"30":{"start":{"line":172,"column":18},"end":{"line":172,"column":26}},"31":{"start":{"line":173,"column":28},"end":{"line":173,"column":36}},"32":{"start":{"line":175,"column":16},"end":{"line":175,"column":43}},"33":{"start":{"line":176,"column":4},"end":{"line":181,"column":5}},"34":{"start":{"line":177,"column":6},"end":{"line":180,"column":8}},"35":{"start":{"line":184,"column":17},"end":{"line":184,"column":80}},"36":{"start":{"line":186,"column":4},"end":{"line":190,"column":6}},"37":{"start":{"line":194,"column":18},"end":{"line":194,"column":26}},"38":{"start":{"line":196,"column":16},"end":{"line":196,"column":47}},"39":{"start":{"line":197,"column":4},"end":{"line":202,"column":5}},"40":{"start":{"line":198,"column":6},"end":{"line":201,"column":8}},"41":{"start":{"line":204,"column":19},"end":{"line":204,"column":23}},"42":{"start":{"line":205,"column":4},"end":{"line":215,"column":5}},"43":{"start":{"line":206,"column":22},"end":{"line":206,"column":66}},"44":{"start":{"line":207,"column":6},"end":{"line":214,"column":7}},"45":{"start":{"line":208,"column":8},"end":{"line":213,"column":10}},"46":{"start":{"line":217,"column":4},"end":{"line":227,"column":6}},"47":{"start":{"line":231,"column":18},"end":{"line":231,"column":26}},"48":{"start":{"line":232,"column":14},"end":{"line":232,"column":32}},"49":{"start":{"line":233,"column":14},"end":{"line":233,"column":32}},"50":{"start":{"line":234,"column":14},"end":{"line":234,"column":32}},"51":{"start":{"line":236,"column":16},"end":{"line":236,"column":47}},"52":{"start":{"line":237,"column":4},"end":{"line":242,"column":5}},"53":{"start":{"line":238,"column":6},"end":{"line":241,"column":8}},"54":{"start":{"line":244,"column":21},"end":{"line":244,"column":32}},"55":{"start":{"line":245,"column":4},"end":{"line":249,"column":7}},"56":{"start":{"line":252,"column":4},"end":{"line":254,"column":5}},"57":{"start":{"line":253,"column":6},"end":{"line":253,"column":54}},"58":{"start":{"line":256,"column":4},"end":{"line":260,"column":6}},"59":{"start":{"line":264,"column":4},"end":{"line":269,"column":5}},"60":{"start":{"line":265,"column":6},"end":{"line":268,"column":8}},"61":{"start":{"line":271,"column":20},"end":{"line":271,"column":57}},"62":{"start":{"line":273,"column":4},"end":{"line":277,"column":6}},"63":{"start":{"line":287,"column":17},"end":{"line":287,"column":48}},"64":{"start":{"line":293,"column":2},"end":{"line":331,"column":5}},"65":{"start":{"line":294,"column":4},"end":{"line":330,"column":5}},"66":{"start":{"line":295,"column":35},"end":{"line":295,"column":43}},"67":{"start":{"line":297,"column":6},"end":{"line":302,"column":7}},"68":{"start":{"line":298,"column":8},"end":{"line":301,"column":11}},"69":{"start":{"line":304,"column":6},"end":{"line":304,"column":74}},"70":{"start":{"line":306,"column":21},"end":{"line":306,"column":58}},"71":{"start":{"line":309,"column":6},"end":{"line":317,"column":7}},"72":{"start":{"line":310,"column":8},"end":{"line":316,"column":11}},"73":{"start":{"line":319,"column":6},"end":{"line":323,"column":7}},"74":{"start":{"line":320,"column":8},"end":{"line":320,"column":25}},"75":{"start":{"line":322,"column":8},"end":{"line":322,"column":37}},"76":{"start":{"line":325,"column":6},"end":{"line":325,"column":59}},"77":{"start":{"line":326,"column":6},"end":{"line":329,"column":9}},"78":{"start":{"line":337,"column":2},"end":{"line":386,"column":5}},"79":{"start":{"line":338,"column":4},"end":{"line":385,"column":5}},"80":{"start":{"line":339,"column":27},"end":{"line":339,"column":35}},"81":{"start":{"line":341,"column":6},"end":{"line":346,"column":7}},"82":{"start":{"line":342,"column":8},"end":{"line":345,"column":11}},"83":{"start":{"line":348,"column":6},"end":{"line":348,"column":90}},"84":{"start":{"line":350,"column":22},"end":{"line":350,"column":24}},"85":{"start":{"line":351,"column":6},"end":{"line":362,"column":7}},"86":{"start":{"line":352,"column":23},"end":{"line":352,"column":60}},"87":{"start":{"line":353,"column":8},"end":{"line":356,"column":11}},"88":{"start":{"line":359,"column":8},"end":{"line":361,"column":9}},"89":{"start":{"line":360,"column":10},"end":{"line":360,"column":16}},"90":{"start":{"line":365,"column":6},"end":{"line":372,"column":7}},"91":{"start":{"line":366,"column":8},"end":{"line":371,"column":11}},"92":{"start":{"line":374,"column":6},"end":{"line":378,"column":9}},"93":{"start":{"line":380,"column":6},"end":{"line":380,"column":57}},"94":{"start":{"line":381,"column":6},"end":{"line":384,"column":9}},"95":{"start":{"line":392,"column":2},"end":{"line":438,"column":5}},"96":{"start":{"line":393,"column":4},"end":{"line":437,"column":7}},"97":{"start":{"line":440,"column":2},"end":{"line":440,"column":16}}},"fnMap":{"0":{"name":"(anonymous_0)","decl":{"start":{"line":13,"column":2},"end":{"line":13,"column":3}},"loc":{"start":{"line":13,"column":25},"end":{"line":50,"column":3}},"line":13},"1":{"name":"(anonymous_1)","decl":{"start":{"line":58,"column":2},"end":{"line":58,"column":3}},"loc":{"start":{"line":58,"column":27},"end":{"line":105,"column":3}},"line":58},"2":{"name":"(anonymous_2)","decl":{"start":{"line":107,"column":2},"end":{"line":107,"column":3}},"loc":{"start":{"line":107,"column":33},"end":{"line":132,"column":3}},"line":107},"3":{"name":"(anonymous_3)","decl":{"start":{"line":134,"column":2},"end":{"line":134,"column":3}},"loc":{"start":{"line":134,"column":34},"end":{"line":154,"column":3}},"line":134},"4":{"name":"(anonymous_4)","decl":{"start":{"line":156,"column":2},"end":{"line":156,"column":3}},"loc":{"start":{"line":156,"column":32},"end":{"line":169,"column":3}},"line":156},"5":{"name":"(anonymous_5)","decl":{"start":{"line":162,"column":21},"end":{"line":162,"column":22}},"loc":{"start":{"line":162,"column":31},"end":{"line":167,"column":7}},"line":162},"6":{"name":"(anonymous_6)","decl":{"start":{"line":171,"column":2},"end":{"line":171,"column":3}},"loc":{"start":{"line":171,"column":38},"end":{"line":191,"column":3}},"line":171},"7":{"name":"(anonymous_7)","decl":{"start":{"line":193,"column":2},"end":{"line":193,"column":3}},"loc":{"start":{"line":193,"column":34},"end":{"line":228,"column":3}},"line":193},"8":{"name":"(anonymous_8)","decl":{"start":{"line":230,"column":2},"end":{"line":230,"column":3}},"loc":{"start":{"line":230,"column":36},"end":{"line":261,"column":3}},"line":230},"9":{"name":"(anonymous_9)","decl":{"start":{"line":263,"column":2},"end":{"line":263,"column":3}},"loc":{"start":{"line":263,"column":36},"end":{"line":278,"column":3}},"line":263},"10":{"name":"initLLMRoutes","decl":{"start":{"line":286,"column":16},"end":{"line":286,"column":29}},"loc":{"start":{"line":286,"column":45},"end":{"line":441,"column":1}},"line":286},"11":{"name":"(anonymous_11)","decl":{"start":{"line":293,"column":62},"end":{"line":293,"column":63}},"loc":{"start":{"line":293,"column":82},"end":{"line":331,"column":3}},"line":293},"12":{"name":"(anonymous_12)","decl":{"start":{"line":337,"column":60},"end":{"line":337,"column":61}},"loc":{"start":{"line":337,"column":80},"end":{"line":386,"column":3}},"line":337},"13":{"name":"(anonymous_13)","decl":{"start":{"line":392,"column":36},"end":{"line":392,"column":37}},"loc":{"start":{"line":392,"column":50},"end":{"line":438,"column":3}},"line":392}},"branchMap":{"0":{"loc":{"start":{"line":64,"column":6},"end":{"line":74,"column":7}},"type":"if","locations":[{"start":{"line":64,"column":6},"end":{"line":74,"column":7}},{"start":{},"end":{}}],"line":64},"1":{"loc":{"start":{"line":80,"column":6},"end":{"line":86,"column":7}},"type":"if","locations":[{"start":{"line":80,"column":6},"end":{"line":86,"column":7}},{"start":{},"end":{}}],"line":80},"2":{"loc":{"start":{"line":109,"column":17},"end":{"line":109,"column":38}},"type":"binary-expr","locations":[{"start":{"line":109,"column":17},"end":{"line":109,"column":25}},{"start":{"line":109,"column":29},"end":{"line":109,"column":38}}],"line":109},"3":{"loc":{"start":{"line":138,"column":4},"end":{"line":143,"column":5}},"type":"if","locations":[{"start":{"line":138,"column":4},"end":{"line":143,"column":5}},{"start":{},"end":{}}],"line":138},"4":{"loc":{"start":{"line":146,"column":4},"end":{"line":148,"column":5}},"type":"if","locations":[{"start":{"line":146,"column":4},"end":{"line":148,"column":5}},{"start":{},"end":{}}],"line":146},"5":{"loc":{"start":{"line":176,"column":4},"end":{"line":181,"column":5}},"type":"if","locations":[{"start":{"line":176,"column":4},"end":{"line":181,"column":5}},{"start":{},"end":{}}],"line":176},"6":{"loc":{"start":{"line":197,"column":4},"end":{"line":202,"column":5}},"type":"if","locations":[{"start":{"line":197,"column":4},"end":{"line":202,"column":5}},{"start":{},"end":{}}],"line":197},"7":{"loc":{"start":{"line":205,"column":4},"end":{"line":215,"column":5}},"type":"if","locations":[{"start":{"line":205,"column":4},"end":{"line":215,"column":5}},{"start":{},"end":{}}],"line":205},"8":{"loc":{"start":{"line":207,"column":6},"end":{"line":214,"column":7}},"type":"if","locations":[{"start":{"line":207,"column":6},"end":{"line":214,"column":7}},{"start":{},"end":{}}],"line":207},"9":{"loc":{"start":{"line":224,"column":18},"end":{"line":224,"column":60}},"type":"binary-expr","locations":[{"start":{"line":224,"column":18},"end":{"line":224,"column":39}},{"start":{"line":224,"column":43},"end":{"line":224,"column":60}}],"line":224},"10":{"loc":{"start":{"line":237,"column":4},"end":{"line":242,"column":5}},"type":"if","locations":[{"start":{"line":237,"column":4},"end":{"line":242,"column":5}},{"start":{},"end":{}}],"line":237},"11":{"loc":{"start":{"line":252,"column":4},"end":{"line":254,"column":5}},"type":"if","locations":[{"start":{"line":252,"column":4},"end":{"line":254,"column":5}},{"start":{},"end":{}}],"line":252},"12":{"loc":{"start":{"line":252,"column":8},"end":{"line":252,"column":57}},"type":"binary-expr","locations":[{"start":{"line":252,"column":8},"end":{"line":252,"column":26}},{"start":{"line":252,"column":30},"end":{"line":252,"column":57}}],"line":252},"13":{"loc":{"start":{"line":264,"column":4},"end":{"line":269,"column":5}},"type":"if","locations":[{"start":{"line":264,"column":4},"end":{"line":269,"column":5}},{"start":{},"end":{}}],"line":264},"14":{"loc":{"start":{"line":297,"column":6},"end":{"line":302,"column":7}},"type":"if","locations":[{"start":{"line":297,"column":6},"end":{"line":302,"column":7}},{"start":{},"end":{}}],"line":297},"15":{"loc":{"start":{"line":297,"column":10},"end":{"line":297,"column":49}},"type":"binary-expr","locations":[{"start":{"line":297,"column":10},"end":{"line":297,"column":18}},{"start":{"line":297,"column":22},"end":{"line":297,"column":49}}],"line":297},"16":{"loc":{"start":{"line":309,"column":6},"end":{"line":317,"column":7}},"type":"if","locations":[{"start":{"line":309,"column":6},"end":{"line":317,"column":7}},{"start":{},"end":{}}],"line":309},"17":{"loc":{"start":{"line":319,"column":6},"end":{"line":323,"column":7}},"type":"if","locations":[{"start":{"line":319,"column":6},"end":{"line":323,"column":7}},{"start":{"line":321,"column":13},"end":{"line":323,"column":7}}],"line":319},"18":{"loc":{"start":{"line":341,"column":6},"end":{"line":346,"column":7}},"type":"if","locations":[{"start":{"line":341,"column":6},"end":{"line":346,"column":7}},{"start":{},"end":{}}],"line":341},"19":{"loc":{"start":{"line":359,"column":8},"end":{"line":361,"column":9}},"type":"if","locations":[{"start":{"line":359,"column":8},"end":{"line":361,"column":9}},{"start":{},"end":{}}],"line":359},"20":{"loc":{"start":{"line":359,"column":12},"end":{"line":359,"column":51}},"type":"binary-expr","locations":[{"start":{"line":359,"column":12},"end":{"line":359,"column":27}},{"start":{"line":359,"column":31},"end":{"line":359,"column":51}}],"line":359},"21":{"loc":{"start":{"line":365,"column":6},"end":{"line":372,"column":7}},"type":"if","locations":[{"start":{"line":365,"column":6},"end":{"line":372,"column":7}},{"start":{},"end":{}}],"line":365}},"s":{"0":0,"1":0,"2":0,"3":0,"4":0,"5":0,"6":0,"7":0,"8":0,"9":0,"10":0,"11":0,"12":0,"13":0,"14":0,"15":0,"16":0,"17":0,"18":0,"19":0,"20":0,"21":0,"22":0,"23":0,"24":0,"25":0,"26":0,"27":0,"28":0,"29":0,"30":0,"31":0,"32":0,"33":0,"34":0,"35":0,"36":0,"37":0,"38":0,"39":0,"40":0,"41":0,"42":0,"43":0,"44":0,"45":0,"46":0,"47":0,"48":0,"49":0,"50":0,"51":0,"52":0,"53":0,"54":0,"55":0,"56":0,"57":0,"58":0,"59":0,"60":0,"61":0,"62":0,"63":0,"64":0,"65":0,"66":0,"67":0,"68":0,"69":0,"70":0,"71":0,"72":0,"73":0,"74":0,"75":0,"76":0,"77":0,"78":0,"79":0,"80":0,"81":0,"82":0,"83":0,"84":0,"85":0,"86":0,"87":0,"88":0,"89":0,"90":0,"91":0,"92":0,"93":0,"94":0,"95":0,"96":0,"97":0},"f":{"0":0,"1":0,"2":0,"3":0,"4":0,"5":0,"6":0,"7":0,"8":0,"9":0,"10":0,"11":0,"12":0,"13":0},"b":{"0":[0,0],"1":[0,0],"2":[0,0],"3":[0,0],"4":[0,0],"5":[0,0],"6":[0,0],"7":[0,0],"8":[0,0],"9":[0,0],"10":[0,0],"11":[0,0],"12":[0,0],"13":[0,0],"14":[0,0],"15":[0,0],"16":[0,0],"17":[0,0],"18":[0,0],"19":[0,0],"20":[0,0],"21":[0,0]},"inputSourceMap":null}
,"/home/user/FGD/routes/mineflayer.js": {"path":"/home/user/FGD/routes/mineflayer.js","statementMap":{"0":{"start":{"line":25,"column":17},"end":{"line":25,"column":33}},"1":{"start":{"line":28,"column":27},"end":{"line":28,"column":54}},"2":{"start":{"line":29,"column":24},"end":{"line":29,"column":48}},"3":{"start":{"line":30,"column":20},"end":{"line":30,"column":40}},"4":{"start":{"line":32,"column":2},"end":{"line":35,"column":3}},"5":{"start":{"line":33,"column":4},"end":{"line":33,"column":64}},"6":{"start":{"line":45,"column":2},"end":{"line":101,"column":5}},"7":{"start":{"line":46,"column":4},"end":{"line":100,"column":5}},"8":{"start":{"line":47,"column":6},"end":{"line":52,"column":7}},"9":{"start":{"line":48,"column":8},"end":{"line":51,"column":11}},"10":{"start":{"line":54,"column":43},"end":{"line":54,"column":51}},"11":{"start":{"line":56,"column":6},"end":{"line":61,"column":7}},"12":{"start":{"line":57,"column":8},"end":{"line":60,"column":11}},"13":{"start":{"line":63,"column":6},"end":{"line":63,"column":70}},"14":{"start":{"line":65,"column":21},"end":{"line":68,"column":8}},"15":{"start":{"line":71,"column":6},"end":{"line":85,"column":7}},"16":{"start":{"line":72,"column":8},"end":{"line":84,"column":9}},"17":{"start":{"line":73,"column":10},"end":{"line":83,"column":13}},"18":{"start":{"line":87,"column":6},"end":{"line":93,"column":9}},"19":{"start":{"line":95,"column":6},"end":{"line":95,"column":66}},"20":{"start":{"line":96,"column":6},"end":{"line":99,"column":9}},"21":{"start":{"line":107,"column":2},"end":{"line":135,"column":5}},"22":{"start":{"line":108,"column":4},"end":{"line":134,"column":5}},"23":{"start":{"line":109,"column":6},"end":{"line":114,"column":7}},"24":{"start":{"line":110,"column":8},"end":{"line":113,"column":11}},"25":{"start":{"line":116,"column":24},"end":{"line":116,"column":34}},"26":{"start":{"line":118,"column":6},"end":{"line":118,"column":47}},"27":{"start":{"line":120,"column":21},"end":{"line":120,"column":74}},"28":{"start":{"line":123,"column":6},"end":{"line":125,"column":7}},"29":{"start":{"line":124,"column":8},"end":{"line":124,"column":37}},"30":{"start":{"line":127,"column":6},"end":{"line":127,"column":23}},"31":{"start":{"line":129,"column":6},"end":{"line":129,"
[...]
":5}},"line":177},"39":{"name":"(anonymous_39)","decl":{"start":{"line":181,"column":35},"end":{"line":181,"column":36}},"loc":{"start":{"line":181,"column":49},"end":{"line":183,"column":5}},"line":181},"40":{"name":"(anonymous_40)","decl":{"start":{"line":185,"column":30},"end":{"line":185,"column":31}},"loc":{"start":{"line":185,"column":44},"end":{"line":187,"column":5}},"line":185},"41":{"name":"(anonymous_41)","decl":{"start":{"line":189,"column":32},"end":{"line":189,"column":33}},"loc":{"start":{"line":189,"column":46},"end":{"line":191,"column":5}},"line":189},"42":{"name":"(anonymous_42)","decl":{"start":{"line":193,"column":33},"end":{"line":193,"column":34}},"loc":{"start":{"line":193,"column":47},"end":{"line":195,"column":5}},"line":193},"43":{"name":"(anonymous_43)","decl":{"start":{"line":197,"column":34},"end":{"line":197,"column":35}},"loc":{"start":{"line":197,"column":48},"end":{"line":199,"column":5}},"line":197},"44":{"name":"(anonymous_44)","decl":{"start":{"line":201,"column":36},"end":{"line":201,"column":37}},"loc":{"start":{"line":201,"column":50},"end":{"line":203,"column":5}},"line":201},"45":{"name":"(anonymous_45)","decl":{"start":{"line":205,"column":31},"end":{"line":205,"column":32}},"loc":{"start":{"line":205,"column":45},"end":{"line":207,"column":5}},"line":205},"46":{"name":"(anonymous_46)","decl":{"start":{"line":209,"column":31},"end":{"line":209,"column":32}},"loc":{"start":{"line":209,"column":45},"end":{"line":211,"column":5}},"line":209},"47":{"name":"(anonymous_47)","decl":{"start":{"line":217,"column":2},"end":{"line":217,"column":3}},"loc":{"start":{"line":217,"column":21},"end":{"line":221,"column":3}},"line":217},"48":{"name":"(anonymous_48)","decl":{"start":{"line":223,"column":2},"end":{"line":223,"column":3}},"loc":{"start":{"line":223,"column":32},"end":{"line":234,"column":3}},"line":223},"49":{"name":"(anonymous_49)","decl":{"start":{"line":239,"column":2},"end":{"line":239,"column":3}},"loc":{"start":{"line":239,"column":36},"end":{"line":255,"column":3}},"line":239},"50":{"name":"(anonymous_50)","decl":{"start":{"line":254,"column":28},"end":{"line":254,"column":29}},"loc":{"start":{"line":254,"column":34},"end":{"line":254,"column":57}},"line":254}},"branchMap":{"0":{"loc":{"start":{"line":13,"column":6},"end":{"line":16,"column":7}},"type":"if","locations":[{"start":{"line":13,"column":6},"end":{"line":16,"column":7}},{"start":{},"end":{}}],"line":13},"1":{"loc":{"start":{"line":13,"column":10},"end":{"line":13,"column":41}},"type":"binary-expr","locations":[{"start":{"line":13,"column":10},"end":{"line":13,"column":22}},{"start":{"line":13,"column":26},"end":{"line":13,"column":41}}],"line":13},"2":{"loc":{"start":{"line":31,"column":6},"end":{"line":34,"column":7}},"type":"if","locations":[{"start":{"line":31,"column":6},"end":{"line":34,"column":7}},{"start":{},"end":{}}],"line":31},"3":{"loc":{"start":{"line":31,"column":10},"end":{"line":31,"column":41}},"type":"binary-expr","locations":[{"start":{"line":31,"column":10},"end":{"line":31,"column":22}},{"start":{"line":31,"column":26},"end":{"line":31,"column":41}}],"line":31},"4":{"loc":{"start":{"line":49,"column":6},"end":{"line":52,"column":7}},"type":"if","locations":[{"start":{"line":49,"column":6},"end":{"line":52,"column":7}},{"start":{},"end":{}}],"line":49},"5":{"loc":{"start":{"line":49,"column":10},"end":{"line":49,"column":41}},"type":"binary-expr","locations":[{"start":{"line":49,"column":10},"end":{"line":49,"column":22}},{"start":{"line":49,"column":26},"end":{"line":49,"column":41}}],"line":49},"6":{"loc":{"start":{"line":67,"column":6},"end":{"line":70,"column":7}},"type":"if","locations":[{"start":{"line":67,"column":6},"end":{"line":70,"column":7}},{"start":{},"end":{}}],"line":67},"7":{"loc":{"start":{"line":67,"column":10},"end":{"line":67,"column":41}},"type":"binary-expr","locations":[{"start":{"line":67,"column":10},"end":{"line":67,"column":22}},{"start":{"line":67,"column":26},"end":{"line":67,"column":41}}],"line":67},"8":{"loc":{"start":{"line":85,"column":6},"end":{"line":88,"column":7}},"type":"if","locations":[{"start":{"line":85,"column":6},"end":{"line":88,"column":7}},{"start":{},"end":{}}],"line":85},"9":{"loc":{"start":{"line":85,"column":10},"end":{"line":85,"column":41}},"type":"binary-expr","locations":[{"start":{"line":85,"column":10},"end":{"line":85,"column":22}},{"start":{"line":85,"column":26},"end":{"line":85,"column":41}}],"line":85},"10":{"loc":{"start":{"line":103,"column":6},"end":{"line":106,"column":7}},"type":"if","locations":[{"start":{"line":103,"column":6},"end":{"line":106,"column":7}},{"start":{},"end":{}}],"line":103},"11":{"loc":{"start":{"line":103,"column":10},"end":{"line":103,"column":41}},"type":"binary-expr","locations":[{"start":{"line":103,"column":10},"end":{"line":103,"column":22}},{"start":{"line":103,"column":26},"end":{"line":103,"column":41}}],"line":103},"12":{"loc":{"start":{"line":121,"column":6},"end":{"line":124,"column":7}},"type":"if","locations":[{"start":{"line":121,"column":6},"end":{"line":124,"column":7}},{"start":{},"end":{}}],"line":121},"13":{"loc":{"start":{"line":121,"column":10},"end":{"line":121,"column":41}},"type":"binary-expr","locations":[{"start":{"line":121,"column":10},"end":{"line":121,"column":22}},{"start":{"line":121,"column":26},"end":{"line":121,"column":41}}],"line":121},"14":{"loc":{"start":{"line":139,"column":6},"end":{"line":142,"column":7}},"type":"if","locations":[{"start":{"line":139,"column":6},"end":{"line":142,"column":7}},{"start":{},"end":{}}],"line":139},"15":{"loc":{"start":{"line":139,"column":10},"end":{"line":139,"column":41}},"type":"binary-expr","locations":[{"start":{"line":139,"column":10},"end":{"line":139,"column":22}},{"start":{"line":139,"column":26},"end":{"line":139,"column":41}}],"line":139},"16":{"loc":{"start":{"line":157,"column":6},"end":{"line":160,"column":7}},"type":"if","locations":[{"start":{"line":157,"column":6},"end":{"line":160,"column":7}},{"start":{},"end":{}}],"line":157},"17":{"loc":{"start":{"line":157,"column":10},"end":{"line":157,"column":41}},"type":"binary-expr","locations":[{"start":{"line":157,"column":10},"end":{"line":157,"column":22}},{"start":{"line":157,"column":26},"end":{"line":157,"column":41}}],"line":157},"18":{"loc":{"start":{"line":223,"column":18},"end":{"line":223,"column":30}},"type":"default-arg","locations":[{"start":{"line":223,"column":28},"end":{"line":223,"column":30}}],"line":223},"19":{"loc":{"start":{"line":225,"column":4},"end":{"line":233,"column":5}},"type":"if","locations":[{"start":{"line":225,"column":4},"end":{"line":233,"column":5}},{"start":{},"end":{}}],"line":225},"20":{"loc":{"start":{"line":227,"column":6},"end":{"line":232,"column":7}},"type":"if","locations":[{"start":{"line":227,"column":6},"end":{"line":232,"column":7}},{"start":{},"end":{}}],"line":227},"21":{"loc":{"start":{"line":245,"column":4},"end":{"line":248,"column":5}},"type":"if","locations":[{"start":{"line":245,"column":4},"end":{"line":248,"column":5}},{"start":{},"end":{}}],"line":245}},"s":{"0":0,"1":0,"2":0,"3":0,"4":0,"5":0,"6":0,"7":0,"8":0,"9":0,"10":0,"11":0,"12":0,"13":0,"14":0,"15":0,"16":0,"17":0,"18":0,"19":0,"20":0,"21":0,"22":0,"23":0,"24":0,"25":0,"26":0,"27":0,"28":0,"29":0,"30":0,"31":0,"32":0,"33":0,"34":0,"35":0,"36":0,"37":0,"38":0,"39":0,"40":0,"41":0,"42":0,"43":0,"44":0,"45":0,"46":0,"47":0,"48":0,"49":0,"50":0,"51":0,"52":0,"53":0,"54":0,"55":0,"56":0,"57":0,"58":0,"59":0,"60":0,"61":0,"62":0,"63":0,"64":0,"65":0,"66":0,"67":0,"68":0,"69":0,"70":0,"71":0,"72":0,"73":0,"74":0,"75":0,"76":0,"77":0,"78":0,"79":0,"80":0,"81":0,"82":0,"83":0,"84":0,"85":0,"86":0,"87":0,"88":0,"89":0,"90":0,"91":0,"92":0,"93":0,"94":0,"95":0,"96":0,"97":0,"98":0,"99":0,"100":0,"101":0,"102":0,"103":0,"104":0,"105":0,"106":0,"107":0,"108":0,"109":0,"110":0,"111":0,"112":0,"113":0,"114":0,"115":0,"116":0,"117":0,"118":0,"119":0,"120":0,"121":0,"122":0,"123":0,"124":0,"125":0,"126":0},"f":{"0":0,"1":0,"2":0,"3":0,"4":0,"5":0,"6":0,"7":0,"8":0,"9":0,"10":0,"11":0,"12":0,"13":0,"14":0,"15":0,"16":0,"17":0,"18":0,"19":0,"20":0,"21":0,"22":0,"23":0,"24":0,"25":0,"26":0,"27":0,"28":0,"29":0,"30":0,"31":0,"32":0,"33":0,"34":0,"35":0,"36":0,"37":0,"38":0,"39":0,"40":0,"41":0,"42":0,"43":0,"44":0,"45":0,"46":0,"47":0,"48":0,"49":0,"50":0},"b":{"0":[0,0],"1":[0,0],"2":[0,0],"3":[0,0],"4":[0,0],"5":[0,0],"6":[0,0],"7":[0,0],"8":[0,0],"9":[0,0],"10":[0,0],"11":[0,0],"12":[0,0],"13":[0,0],"14":[0,0],"15":[0,0],"16":[0,0],"17":[0,0],"18":[0],"19":[0,0],"20":[0,0],"21":[0,0]},"inputSourceMap":null}
,"/home/user/FGD/src/workers/task_worker.js": {"path":"/home/user/FGD/src/workers/task_worker.js","statementMap":{"0":{"start":{"line":8,"column":17},"end":{"line":8,"column":36}},"1":{"start":{"line":15,"column":18},"end":{"line":15,"column":25}},"2":{"start":{"line":16,"column":19},"end":{"line":16,"column":28}},"3":{"start":{"line":17,"column":17},"end":{"line":17,"column":26}},"4":{"start":{"line":18,"column":17},"end":{"line":18,"column":26}},"5":{"start":{"line":20,"column":2},"end":{"line":20,"column":31}},"6":{"start":{"line":21,"column":2},"end":{"line":21,"column":52}},"7":{"start":{"line":23,"column":2},"end":{"line":63,"column":3}},"8":{"start":{"line":25,"column":20},"end":{"line":27,"column":5}},"9":{"start":{"line":26,"column":6},"end":{"line":26,"column":75}},"10":{"start":{"line":30,"column":4},"end":{"line":32,"column":5}},"11":{"start":{"line":31,"column":6},"end":{"line":31,"column":48}},"12":{"start":{"line":35,"column":18},"end":{"line":35,"column":73}},"13":{"start":{"line":35,"column":43},"end":{"line":35,"column":72}},"14":{"start":{"line":36,"column":4},"end":{"line":36,"column":29}},"15":{"start":{"line":39,"column":22},"end":{"line":39,"column":43}},"16":{"start":{"line":40,"column":4},"end":{"line":57,"column":5}},"17":{"start":{"line":41,"column":6},"end":{"line":43,"column":7}},"18":{"start":{"line":42,"column":8},"end":{"line":42,"column":17}},"19":{"start":{"line":45,"column":30},"end":{"line":45,"column":61}},"20":{"start":{"line":46,"column":26},"end":{"line":46,"column":42}},"21":{"start":{"line":48,"column":6},"end":{"line":56,"column":7}},"22":{"start":{"line":49,"column":8},"end":{"line":49,"column":43}},"23":{"start":{"line":50,"column":8},"end":{"line":50,"column":49}},"24":{"start":{"line":51,"column":8},"end":{"line":51,"column":77}},"25":{"start":{"line":53,"column":8},"end":{"line":55,"column":9}},"26":{"start":{"line":53,"column":33},"end":{"line":53,"column":58}},"27":{"start":{"line":54,"column":10},"end":{"line":54,"column":33}},"28":{"start":{"line":60,"column":4},"end":{"line":62,"column":5}},"29":{"start":{"line":61,"column":6},"end":{"line":61,"column":18}},"30":{"start":{"line":65,"column":2},"end":{"line":65,"column":14}},"31":{"start":{"line":69,"column":2},"end":{"line":69,"column":73}},"32":{"start":{"line":73,"column":2},"end":{"line":73,"column":38}},"33":{"start":{"line":77,"column":2},"end":{"line":84,"column":4}},"34":{"start":{"line":88,"column":2},"end":{"line":88,"column":88}},"35":{"start":{"line":88,"column":33},"end":{"line":88,"column":86}},"36":{"start":{"line":92,"column":15},"end":{"line":92,"column":24}},"37":{"start":{"line":93,"column":19},"end":{"line":93,"column":34}},"38":{"start":{"line":95,"column":2},"end":{"line":99,"column":3}},"39":{"start":{"line":96,"column":4},"end":{"line":96,"column":39}},"40":{"start":{"line":97,"column":4},"end":{"line":97,"column":26}},"41":{"start":{"line":98,"column":4},"end":{"line":98,"column":33}},"42":{"start":{"line":101,"column":2},"end":{"line":101,"column":14}},"43":{"start":{"line":108,"column":17},"end":{"line":118,"column":4}},"44":{"start":{"line":109,"column":21},"end":{"line":109,"column":62}},"45":{"start":{"line":110,"column":18},"end":{"line":110,"column":37}},"46":{"start":{"line":111,"column":18},"end":{"line":111,"column":55}},"47":{"start":{"line":113,"column":4},"end":{"line":117,"column":6}},"48":{"start":{"line":121,"column":2},"end":{"line":121,"column":43}},"49":{"start":{"line":121,"column":24},"end":{"line":121,"column":41}},"50":{"start":{"line":123,"column":2},"end":{"line":123,"column":29}},"51":{"start":{"line":130,"column":2},"end":{"line":143,"column":3}},"52":{"start":{"line":132,"column":6},"end":{"line":132,"column":64}},"53":{"start":{"line":135,"column":6},"end":{"line":135,"column":95}},"54":{"start":{"line":139,"column":6},"end":{"line":139,"column":43}},"55":{"start":{"line":142,"column":6},"end":{"line":142,"column":57}},"56":{"start":{"line":149,"column":2},"end":{"line":149,"column":14}},"57":{"start":{"line":155,"column":0},"end":{"line":176,"column":3}},"58":{"start":{"line":156,"column":2},"end":{"line":175,"column":3}},"59":{"start":{"line":157,"column":22},"end":{"line":157,"column":32}},"60":{"start":{"line":158,"column":19},"end":{"line":158,"column":36}},"61":{"start":{"line":159,"column":21},"end":{"line":159,"column":43}},"62":{"start":{"line":161,"column":4},"end":{"line":167,"column":7}},"63":{"start":{"line":169,"column":4},"end":{"line":174,"column":7}}},"fnMap":{"0":{"name":"aStar","decl":{"start":{"line":13,"column":9},"end":{"line":13,"column":14}},"loc":{"start":{"line":13,"column":39},"end":{"line":66,"column":1}},"line":13},"1":{"name":"(anonymous_1)","decl":{"start":{"line":25,"column":35},"end":{"line":25,"column":36}},"loc":{"start":{"line":26,"column":6},"end":{"line":26,"column":75}},"line":26},"2":{"name":"(anonymous_2)","decl":{"start":{"line":35,"column":36},"end":{"line":35,"column":37}},"loc":{"start":{"line":35,"column":43},"end":{"line":35,"column":72}},"line":35},"3":{"name":"(anonymous_3)","decl":{"start":{"line":53,"column":26},"end":{"line":53,"column":27}},"loc":{"start":{"line":53,"column":33},"end":{"line":53,"column":58}},"line":53},"4":{"name":"heuristic","decl":{"start":{"line":68,"column":9},"end":{"line":68,"column":18}},"loc":{"start":{"line":68,"column":25},"end":{"line":70,"column":1}},"line":68},"5":{"name":"keyFor","decl":{"start":{"line":72,"column":9},"end":{"line":72,"column":15}},"loc":{"start":{"line":72,"column":21},"end":{"line":74,"column":1}},"line":72},"6":{"name":"getNeighbors","decl":{"start":{"line":76,"column":9},"end":{"line":76,"column":21}},"loc":{"start":{"line":76,"column":27},"end":{"line":85,"column":1}},"line":76},"7":{"name":"isObstacle","decl":{"start":{"line":87,"column":9},"end":{"line":87,"column":19}},"loc":{"start":{"line":87,"column":36},"end":{"line":89,"column":1}},"line":87},"8":{"name":"(anonymous_8)","decl":{"start":{"line":88,"column":24},"end":{"line":88,"column":25}},"loc":{"start":{"line":88,"column":33},"end":{"line":88,"column":86}},"line":88},"9":{"name":"reconstructPath","decl":{"start":{"line":91,"column":9},"end":{"line":91,"column":24}},"loc":{"start":{"line":91,"column":44},"end":{"line":102,"column":1}},"line":91},"10":{"name":"calculateMiningStrategy","decl":{"start":{"line":107,"column":9},"end":{"line":107,"column":32}},"loc":{"start":{"line":107,"column":69},"end":{"line":124,"column":1}},"line":107},"11":{"name":"(anonymous_11)","decl":{"start":{"line":108,"column":31},"end":{"line":108,"column":32}},"loc":{"start":{"line":108,"column":45},"end":{"line":118,"column":3}},"line":108},"12":{"name":"(anonymous_12)","decl":{"start":{"line":121,"column":14},"end":{"line":121,"column":15}},"loc":{"start":{"line":121,"column":24},"end":{"line":121,"column":41}},"line":121},"13":{"name":"processTask","decl":{"start":{"line":129,"column":9},"end":{"line":129,"column":20}},"loc":{"start":{"line":129,"column":27},"end":{"line":144,"column":1}},"line":129},"14":{"name":"performCalculation","decl":{"start":{"line":146,"column":9},"end":{"line":146,"column":27}},"loc":{"start":{"line":146,"column":34},"end":{"line":150,"column":1}},"line":146},"15":{"name":"(anonymous_15)","decl":{"start":{"line":155,"column":25},"end":{"line":155,"column":26}},"loc":{"start":{"line":155,"column":41},"end":{"line":176,"column":1}},"line":155}},"branchMap":{"0":{"loc":{"start":{"line":26,"column":6},"end":{"line":26,"column":75}},"type":"cond-expr","locations":[{"start":{"line":26,"column":62},"end":{"line":26,"column":66}},{"start":{"line":26,"column":69},"end":{"line":26,"column":75}}],"line":26},"1":{"loc":{"start":{"line":30,"column":4},"end":{"line":32,"column":5}},"type":"if","locations":[{"start":{"line":30,"column":4},"end":{"line":32,"column":5}},{"start":{},"end":{}}],"line":30},"2":{"loc":{"start":{"line":30,"column":8},"end":{"line":30,"column":76}},"type":"binary-expr","locations":[{"start":{"line":30,"column":8},"end":{"line":30,"column":28}},{"start":{"line":30,"column":32},"end":{"line":30,"column":52}},{"start":{"line":30,"column":56},"end":{"line":30,"column":76}}],"line":30},"3":{"loc":{"start":{"line":41,"column":6},"end":{"line":43,"column":7}},"type":"if","locations":[{"start":{"line":41,"column":6},"end":{"line":43,"column":7}},{"start":{},"end":{}}],"line":41},"4":{"loc":{"start":{"line":48,"column":6},"end":{"line":56,"column":7}},"type":"if","locations":[{"start":{"line":48,"column":6},"end":{"line":56,"column":7}},{"start":{},"end":{}}],"line":48},"5":{"loc":{"start":{"line":48,"column":10},"end":{"line":48,"column":79}},"type":"binary-expr","locations":[{"start":{"line":48,"column":10},"end":{"line":48,"column":34}},{"start":{"line":48,"column":38},"end":{"line":48,"column":79}}],"line":48},"6":{"loc":{"start":{"line":53,"column":8},"end":{"line":55,"column":9}},"type":"if","locations":[{"start":{"line":53,"column":8},"end":{"line":55,"column":9}},{"start":{},"end":{}}],"line":53},"7":{"loc":{"start":{"line":60,"column":4},"end":{"line":62,"column":5}},"type":"if","locations":[{"start":{"line":60,"column":4},"end":{"line":62,"column":5}},{"start":{},"end":{}}],"line":60},"8":{"loc":{"start":{"line":88,"column":33},"end":{"line":88,"column":86}},"type":"binary-expr","locations":[{"start":{"line":88,"column":33},"end":{"line":88,"column":48}},{"start":{"line":88,"column":52},"end":{"line":88,"column":67}},{"start":{"line":88,"column":71},"end":{"line":88,"column":86}}],"line":88},"9":{"loc":{"start":{"line":110,"column":18},"end":{"line":110,"column":37}},"type":"binary-expr","locations":[{"start":{"line":110,"column":18},"end":{"line":110,"column":32}},{"start":{"line":110,"column":36},"end":{"line":110,"column":37}}],"line":110},"10":{"loc":{"start":{"line":130,"column":2},"end":{"line":143,"column":3}},"type":"switch","locations":[{"start":{"line":131,"column":4},"end":{"line":132,"column":64}},{"start":{"line":134,"column":4},"end":{"line":135,"column":95}},{"start":{"line":137,"column":4},"end":{"line":139,"column":43}},{"start":{"line":141,"column":4},"end":{"line":142,"column":57}}],"line":130},"11":{"loc":{"start":{"line":132,"column":42},"end":{"line":132,"column":62}},"type":"binary-expr","locations":[{"start":{"line":132,"column":42},"end":{"line":132,"column":56}},{"start":{"line":132,"column":60},"end":{"line":132,"column":62}}],"line":132},"12":{"loc":{"start":{"line":135,"column":71},"end":{"line":135,"column":93}},"type":"binary-expr","locations":[{"start":{"line":135,"column":71},"end":{"line":135,"column":86}},{"start":{"line":135,"column":90},"end":{"line":135,"column":93}}],"line":135}},"s":{"0":0,"1":0,"2":0,"3":0,"4":0,"5":0,"6":0,"7":0,"8":0,"9":0,"10":0,"11":0,"12":0,"13":0,"14":0,"15":0,"16":0,"17":0,"18":0,"19":0,"20":0,"21":0,"22":0,"23":0,"24":0,"25":0,"26":0,"27":0,"28":0,"29":0,"30":0,"31":0,"32":0,"33":0,"34":0,"35":0,"36":0,"37":0,"38":0,"39":0,"40":0,"41":0,"42":0,"43":0,"44":0,"45":0,"46":0,"47":0,"48":0,"49":0,"50":0,"51":0,"52":0,"53":0,"54":0,"55":0,"56":0,"57":0,"58":0,"59":0,"60":0,"61":0,"62":0,"63":0},"f":{"0":0,"1":0,"2":0,"3":0,"4":0,"5":0,"6":0,"7":0,"8":0,"9":0,"10":0,"11":0,"12":0,"13":0,"14":0,"15":0},"b":{"0":[0,0],"1":[0,0],"2":[0,0,0],"3":[0,0],"4":[0,0],"5":[0,0],"6":[0,0],"7":[0,0],"8":[0,0,0],"9":[0,0],"10":[0,0,0,0],"11":[0,0],"12":[0,0]},"inputSourceMap":null}
}
